This is pdfTeX, Version 3.14159265-2.6-1.40.20 (TeX Live 2019/Debian) (preloaded format=pdflatex 2022.1.31)  15 FEB 2022 12:52
entering extended mode
 restricted \write18 enabled.
 file:line:error style messages enabled.
 %&-line parsing enabled.
**11_MachineRepresentationPt3.tex
(./11_MachineRepresentationPt3.tex
LaTeX2e <2020-02-02> patch level 2
L3 programming layer <2020-02-14> (/usr/share/texlive/texmf-dist/tex/latex/base/book.cls
Document Class: book 2019/12/20 v1.4l Standard LaTeX document class
(/usr/share/texlive/texmf-dist/tex/latex/base/bk12.clo
File: bk12.clo 2019/12/20 v1.4l Standard LaTeX file (size option)
)
\c@part=\count167
\c@chapter=\count168
\c@section=\count169
\c@subsection=\count170
\c@subsubsection=\count171
\c@paragraph=\count172
\c@subparagraph=\count173
\c@figure=\count174
\c@table=\count175
\abovecaptionskip=\skip47
\belowcaptionskip=\skip48
\bibindent=\dimen134
) (/usr/share/texlive/texmf-dist/tex/latex/amsmath/amsmath.sty
Package: amsmath 2020/01/20 v2.17e AMS math features
\@mathmargin=\skip49

For additional information on amsmath, use the `?' option.
(/usr/share/texlive/texmf-dist/tex/latex/amsmath/amstext.sty
Package: amstext 2000/06/29 v2.01 AMS text
 (/usr/share/texlive/texmf-dist/tex/latex/amsmath/amsgen.sty
File: amsgen.sty 1999/11/30 v2.0 generic functions
\@emptytoks=\toks14
\ex@=\dimen135
)) (/usr/share/texlive/texmf-dist/tex/latex/amsmath/amsbsy.sty
Package: amsbsy 1999/11/29 v1.2d Bold Symbols
\pmbraise@=\dimen136
) (/usr/share/texlive/texmf-dist/tex/latex/amsmath/amsopn.sty
Package: amsopn 2016/03/08 v2.02 operator names
)
\inf@bad=\count176
LaTeX Info: Redefining \frac on input line 227.
\uproot@=\count177
\leftroot@=\count178
LaTeX Info: Redefining \overline on input line 389.
\classnum@=\count179
\DOTSCASE@=\count180
LaTeX Info: Redefining \ldots on input line 486.
LaTeX Info: Redefining \dots on input line 489.
LaTeX Info: Redefining \cdots on input line 610.
\Mathstrutbox@=\box45
\strutbox@=\box46
\big@size=\dimen137
LaTeX Font Info:    Redeclaring font encoding OML on input line 733.
LaTeX Font Info:    Redeclaring font encoding OMS on input line 734.
\macc@depth=\count181
\c@MaxMatrixCols=\count182
\dotsspace@=\muskip16
\c@parentequation=\count183
\dspbrk@lvl=\count184
\tag@help=\toks15
\row@=\count185
\column@=\count186
\maxfields@=\count187
\andhelp@=\toks16
\eqnshift@=\dimen138
\alignsep@=\dimen139
\tagshift@=\dimen140
\tagwidth@=\dimen141
\totwidth@=\dimen142
\lineht@=\dimen143
\@envbody=\toks17
\multlinegap=\skip50
\multlinetaggap=\skip51
\mathdisplay@stack=\toks18
LaTeX Info: Redefining \[ on input line 2859.
LaTeX Info: Redefining \] on input line 2860.
) (/usr/share/texlive/texmf-dist/tex/latex/graphics/graphicx.sty
Package: graphicx 2019/11/30 v1.2a Enhanced LaTeX Graphics (DPC,SPQR)
 (/usr/share/texlive/texmf-dist/tex/latex/graphics/keyval.sty
Package: keyval 2014/10/28 v1.15 key=value parser (DPC)
\KV@toks@=\toks19
) (/usr/share/texlive/texmf-dist/tex/latex/graphics/graphics.sty
Package: graphics 2019/11/30 v1.4a Standard LaTeX Graphics (DPC,SPQR)
 (/usr/share/texlive/texmf-dist/tex/latex/graphics/trig.sty
Package: trig 2016/01/03 v1.10 sin cos tan (DPC)
) (/usr/share/texlive/texmf-dist/tex/latex/graphics-cfg/graphics.cfg
File: graphics.cfg 2016/06/04 v1.11 sample graphics configuration
)
Package graphics Info: Driver file: pdftex.def on input line 105.
 (/usr/share/texlive/texmf-dist/tex/latex/graphics-def/pdftex.def
File: pdftex.def 2018/01/08 v1.0l Graphics/color driver for pdftex
))
\Gin@req@height=\dimen144
\Gin@req@width=\dimen145
) (/usr/share/texlive/texmf-dist/tex/latex/graphics/import.sty
Package: import 2020/04/01  v 6.2
) (/usr/share/texlive/texmf-dist/tex/latex/amsfonts/amsfonts.sty
Package: amsfonts 2013/01/14 v3.01 Basic AMSFonts support
\symAMSa=\mathgroup4
\symAMSb=\mathgroup5
LaTeX Font Info:    Redeclaring math symbol \hbar on input line 98.
LaTeX Font Info:    Overwriting math alphabet `\mathfrak' in version `bold'
(Font)                  U/euf/m/n --> U/euf/b/n on input line 106.
) (/usr/share/texlive/texmf-dist/tex/latex/booktabs/booktabs.sty
Package: booktabs 2020/01/12 v1.61803398 Publication quality tables
\heavyrulewidth=\dimen146
\lightrulewidth=\dimen147
\cmidrulewidth=\dimen148
\belowrulesep=\dimen149
\belowbottomsep=\dimen150
\aboverulesep=\dimen151
\abovetopsep=\dimen152
\cmidrulesep=\dimen153
\cmidrulekern=\dimen154
\defaultaddspace=\dimen155
\@cmidla=\count188
\@cmidlb=\count189
\@aboverulesep=\dimen156
\@belowrulesep=\dimen157
\@thisruleclass=\count190
\@lastruleclass=\count191
\@thisrulewidth=\dimen158
) (/usr/share/texlive/texmf-dist/tex/latex/l3backend/l3backend-pdfmode.def
File: l3backend-pdfmode.def 2020-02-03 L3 backend support: PDF mode
\l__kernel_color_stack_int=\count192
\l__pdf_internal_box=\box47
) (./11_MachineRepresentationPt3.aux)
\openout1 = `11_MachineRepresentationPt3.aux'.

LaTeX Font Info:    Checking defaults for OML/cmm/m/it on input line 26.
LaTeX Font Info:    ... okay on input line 26.
LaTeX Font Info:    Checking defaults for OMS/cmsy/m/n on input line 26.
LaTeX Font Info:    ... okay on input line 26.
LaTeX Font Info:    Checking defaults for OT1/cmr/m/n on input line 26.
LaTeX Font Info:    ... okay on input line 26.
LaTeX Font Info:    Checking defaults for T1/cmr/m/n on input line 26.
LaTeX Font Info:    ... okay on input line 26.
LaTeX Font Info:    Checking defaults for TS1/cmr/m/n on input line 26.
LaTeX Font Info:    ... okay on input line 26.
LaTeX Font Info:    Checking defaults for OMX/cmex/m/n on input line 26.
LaTeX Font Info:    ... okay on input line 26.
LaTeX Font Info:    Checking defaults for U/cmr/m/n on input line 26.
LaTeX Font Info:    ... okay on input line 26.
 (/usr/share/texlive/texmf-dist/tex/context/base/mkii/supp-pdf.mkii
[Loading MPS to PDF converter (version 2006.09.02).]
\scratchcounter=\count193
\scratchdimen=\dimen159
\scratchbox=\box48
\nofMPsegments=\count194
\nofMParguments=\count195
\everyMPshowfont=\toks20
\MPscratchCnt=\count196
\MPscratchDim=\dimen160
\MPnumerator=\count197
\makeMPintoPDFobject=\count198
\everyMPtoPDFconversion=\toks21
) (/usr/share/texlive/texmf-dist/tex/latex/epstopdf-pkg/epstopdf-base.sty
Package: epstopdf-base 2020-01-24 v2.11 Base part for package epstopdf
Package epstopdf-base Info: Redefining graphics rule for `.eps' on input line 485.
 (/usr/share/texlive/texmf-dist/tex/latex/latexconfig/epstopdf-sys.cfg
File: epstopdf-sys.cfg 2010/07/13 v1.3 Configuration of (r)epstopdf for TeX Live
))
LaTeX Font Info:    Trying to load font information for U+msa on input line 28.
 (/usr/share/texlive/texmf-dist/tex/latex/amsfonts/umsa.fd
File: umsa.fd 2013/01/14 v3.01 AMS symbols A
)
LaTeX Font Info:    Trying to load font information for U+msb on input line 28.
 (/usr/share/texlive/texmf-dist/tex/latex/amsfonts/umsb.fd
File: umsb.fd 2013/01/14 v3.01 AMS symbols B
) [1



{/var/lib/texmf/fonts/map/pdftex/updmap/pdftex.map}]
<./figures/jx.png, id=8, 328.97906pt x 213.04594pt>
File: ./figures/jx.png Graphic file (type png)
<use ./figures/jx.png>
Package pdftex.def Info: ./figures/jx.png  used on input line 40.
(pdftex.def)             Requested size: 328.97826pt x 213.04541pt.
<./figures/jxEx.png, id=10, 417.81094pt x 247.67531pt>
File: ./figures/jxEx.png Graphic file (type png)
<use ./figures/jxEx.png>
Package pdftex.def Info: ./figures/jxEx.png  used on input line 46.
(pdftex.def)             Requested size: 292.46567pt x 173.37152pt.
 [2 <./figures/jx.png> <./figures/jxEx.png>]
<./figures/gotoEx.png, id=18, 432.86719pt x 255.20343pt>
File: ./figures/gotoEx.png Graphic file (type png)
<use ./figures/gotoEx.png>
Package pdftex.def Info: ./figures/gotoEx.png  used on input line 53.
(pdftex.def)             Requested size: 216.43306pt x 127.6014pt.
<./figures/gotoEx2.png, id=19, 411.78844pt x 205.5178pt>
File: ./figures/gotoEx2.png Graphic file (type png)
<use ./figures/gotoEx2.png>
Package pdftex.def Info: ./figures/gotoEx2.png  used on input line 54.
(pdftex.def)             Requested size: 247.07495pt x 123.31163pt.

Underfull \vbox (badness 10000) has occurred while \output is active []

 [3 <./figures/gotoEx.png> <./figures/gotoEx2.png>]
<./figures/ifThenMoveEx.png, id=25, 432.86719pt x 281.55188pt>
File: ./figures/ifThenMoveEx.png Graphic file (type png)
<use ./figures/ifThenMoveEx.png>
Package pdftex.def Info: ./figures/ifThenMoveEx.png  used on input line 68.
(pdftex.def)             Requested size: 220.75934pt x 143.58955pt.
 [4 <./figures/ifThenMoveEx.png>]
<./figures/doWhile.png, id=31, 922.19531pt x 376.40625pt>
File: ./figures/doWhile.png Graphic file (type png)
<use ./figures/doWhile.png>
Package pdftex.def Info: ./figures/doWhile.png  used on input line 107.
(pdftex.def)             Requested size: 368.8716pt x 150.55983pt.
 [5 <./figures/doWhile.png>]
<./figures/doWhileAsmbly.png, id=37, 859.71187pt x 589.4522pt>
File: ./figures/doWhileAsmbly.png Graphic file (type png)
<use ./figures/doWhileAsmbly.png>
Package pdftex.def Info: ./figures/doWhileAsmbly.png  used on input line 117.
(pdftex.def)             Requested size: 257.91554pt x 176.83702pt.
<./figures/doWhileGeneral.png, id=38, 687.31781pt x 427.5975pt>
File: ./figures/doWhileGeneral.png Graphic file (type png)
<use ./figures/doWhileGeneral.png>
Package pdftex.def Info: ./figures/doWhileGeneral.png  used on input line 124.
(pdftex.def)             Requested size: 274.92226pt x 171.03596pt.

Underfull \vbox (badness 10000) has occurred while \output is active []

 [6 <./figures/doWhileAsmbly.png> <./figures/doWhileGeneral.png>]
<./figures/whileGeneral.png, id=44, 922.19531pt x 324.46219pt>
File: ./figures/whileGeneral.png Graphic file (type png)
<use ./figures/whileGeneral.png>
Package pdftex.def Info: ./figures/whileGeneral.png  used on input line 132.
(pdftex.def)             Requested size: 368.8716pt x 129.78256pt.
<./figures/whileGeneral2.png, id=45, 909.3975pt x 523.20468pt>
File: ./figures/whileGeneral2.png Graphic file (type png)
<use ./figures/whileGeneral2.png>
Package pdftex.def Info: ./figures/whileGeneral2.png  used on input line 138.
(pdftex.def)             Requested size: 363.75256pt x 209.27815pt.

Underfull \vbox (badness 10000) has occurred while \output is active []

 [7 <./figures/whileGeneral.png> <./figures/whileGeneral2.png>]
<./figures/whileDoWhile.png, id=52, 913.91437pt x 388.45125pt>
File: ./figures/whileDoWhile.png Graphic file (type png)
<use ./figures/whileDoWhile.png>
Package pdftex.def Info: ./figures/whileDoWhile.png  used on input line 146.
(pdftex.def)             Requested size: 365.55927pt x 155.37773pt.
<./figures/forWhile.png, id=53, 944.02687pt x 564.60938pt>
File: ./figures/forWhile.png Graphic file (type png)
<use ./figures/forWhile.png>
Package pdftex.def Info: ./figures/forWhile.png  used on input line 158.
(pdftex.def)             Requested size: 188.80202pt x 112.91986pt.

Underfull \vbox (badness 2042) has occurred while \output is active []

 [8 <./figures/whileDoWhile.png> <./figures/forWhile.png>]
<./figures/forDoWhile.png, id=59, 971.12813pt x 618.05907pt>
File: ./figures/forDoWhile.png Graphic file (type png)
<use ./figures/forDoWhile.png>
Package pdftex.def Info: ./figures/forDoWhile.png  used on input line 165.
(pdftex.def)             Requested size: 291.34068pt x 185.41914pt.
<./figures/switch.png, id=60, 864.22874pt x 695.59875pt>
File: ./figures/switch.png Graphic file (type png)
<use ./figures/switch.png>
Package pdftex.def Info: ./figures/switch.png  used on input line 173.
(pdftex.def)             Requested size: 259.27061pt x 208.68123pt.
<./figures/jumpTable.png, id=61, 880.79062pt x 568.37344pt>
File: ./figures/jumpTable.png Graphic file (type png)
<use ./figures/jumpTable.png>
Package pdftex.def Info: ./figures/jumpTable.png  used on input line 179.
(pdftex.def)             Requested size: 352.31pt x 227.34535pt.
<./figures/switchEx.png, id=62, 970.3753pt x 517.935pt>
File: ./figures/switchEx.png Graphic file (type png)
<use ./figures/switchEx.png>
Package pdftex.def Info: ./figures/switchEx.png  used on input line 185.
(pdftex.def)             Requested size: 291.11484pt x 155.38168pt.
 [9 <./figures/forDoWhile.png> <./figures/switch.png>]
Underfull \vbox (badness 10000) has occurred while \output is active []

 [10 <./figures/jumpTable.png> <./figures/switchEx.png>]
<./figures/switchStruct.png, id=73, 868.74562pt x 539.01375pt>
File: ./figures/switchStruct.png Graphic file (type png)
<use ./figures/switchStruct.png>
Package pdftex.def Info: ./figures/switchStruct.png  used on input line 193.
(pdftex.def)             Requested size: 260.62569pt x 161.70537pt.
<./figures/switchEx2.png, id=74, 837.1275pt x 524.71031pt>
File: ./figures/switchEx2.png Graphic file (type png)
<use ./figures/switchEx2.png>
Package pdftex.def Info: ./figures/switchEx2.png  used on input line 194.
(pdftex.def)             Requested size: 251.14018pt x 157.41429pt.
 [11 <./figures/switchStruct.png> <./figures/switchEx2.png>] [12] (./11_MachineRepresentationPt3.aux) ) 
Here is how much of TeX's memory you used:
 2144 strings out of 483183
 30549 string characters out of 5966292
 257746 words of memory out of 5000000
 17137 multiletter control sequences out of 15000+600000
 542295 words of font info for 63 fonts, out of 8000000 for 9000
 14 hyphenation exceptions out of 8191
 30i,7n,27p,244b,223s stack positions out of 5000i,500n,10000p,200000b,80000s
 </home/cain/.texlive2019/texmf-var/fonts/pk/ljfour/jknappen/ec/tcrm1200.600pk></usr/share/texlive/texmf-dist/fonts/type1/public/amsfonts/cm/cmbx12.pfb></usr/share/texlive/texmf-dist/fonts/type1/public/amsfonts/cm/cmmi12.pfb></usr/share/texlive/texmf-dist/fonts/type1/public/amsfonts/cm/cmr12.pfb></usr/share/texlive/texmf-dist/fonts/type1/public/amsfonts/cm/cmr17.pfb></usr/share/texlive/texmf-dist/fonts/type1/public/amsfonts/cm/cmtt12.pfb>
Output written on 11_MachineRepresentationPt3.pdf (12 pages, 3515918 bytes).
PDF statistics:
 105 PDF objects out of 1000 (max. 8388607)
 48 compressed objects within 1 object stream
 0 named destinations out of 1000 (max. 500000)
 91 words of extra memory for PDF output out of 10000 (max. 10000000)

