This is pdfTeX, Version 3.14159265-2.6-1.40.20 (TeX Live 2019/Debian) (preloaded format=pdflatex 2022.1.31)  1 FEB 2022 13:13
entering extended mode
 restricted \write18 enabled.
 file:line:error style messages enabled.
 %&-line parsing enabled.
**14_RegexToNFA-Examples.tex
(./14_RegexToNFA-Examples.tex
LaTeX2e <2020-02-02> patch level 2
L3 programming layer <2020-02-14> (/usr/share/texlive/texmf-dist/tex/latex/base/book.cls
Document Class: book 2019/12/20 v1.4l Standard LaTeX document class
(/usr/share/texlive/texmf-dist/tex/latex/base/bk12.clo
File: bk12.clo 2019/12/20 v1.4l Standard LaTeX file (size option)
)
\c@part=\count167
\c@chapter=\count168
\c@section=\count169
\c@subsection=\count170
\c@subsubsection=\count171
\c@paragraph=\count172
\c@subparagraph=\count173
\c@figure=\count174
\c@table=\count175
\abovecaptionskip=\skip47
\belowcaptionskip=\skip48
\bibindent=\dimen134
) (/usr/share/texlive/texmf-dist/tex/latex/amsmath/amsmath.sty
Package: amsmath 2020/01/20 v2.17e AMS math features
\@mathmargin=\skip49

For additional information on amsmath, use the `?' option.
(/usr/share/texlive/texmf-dist/tex/latex/amsmath/amstext.sty
Package: amstext 2000/06/29 v2.01 AMS text
 (/usr/share/texlive/texmf-dist/tex/latex/amsmath/amsgen.sty
File: amsgen.sty 1999/11/30 v2.0 generic functions
\@emptytoks=\toks14
\ex@=\dimen135
)) (/usr/share/texlive/texmf-dist/tex/latex/amsmath/amsbsy.sty
Package: amsbsy 1999/11/29 v1.2d Bold Symbols
\pmbraise@=\dimen136
) (/usr/share/texlive/texmf-dist/tex/latex/amsmath/amsopn.sty
Package: amsopn 2016/03/08 v2.02 operator names
)
\inf@bad=\count176
LaTeX Info: Redefining \frac on input line 227.
\uproot@=\count177
\leftroot@=\count178
LaTeX Info: Redefining \overline on input line 389.
\classnum@=\count179
\DOTSCASE@=\count180
LaTeX Info: Redefining \ldots on input line 486.
LaTeX Info: Redefining \dots on input line 489.
LaTeX Info: Redefining \cdots on input line 610.
\Mathstrutbox@=\box45
\strutbox@=\box46
\big@size=\dimen137
LaTeX Font Info:    Redeclaring font encoding OML on input line 733.
LaTeX Font Info:    Redeclaring font encoding OMS on input line 734.
\macc@depth=\count181
\c@MaxMatrixCols=\count182
\dotsspace@=\muskip16
\c@parentequation=\count183
\dspbrk@lvl=\count184
\tag@help=\toks15
\row@=\count185
\column@=\count186
\maxfields@=\count187
\andhelp@=\toks16
\eqnshift@=\dimen138
\alignsep@=\dimen139
\tagshift@=\dimen140
\tagwidth@=\dimen141
\totwidth@=\dimen142
\lineht@=\dimen143
\@envbody=\toks17
\multlinegap=\skip50
\multlinetaggap=\skip51
\mathdisplay@stack=\toks18
LaTeX Info: Redefining \[ on input line 2859.
LaTeX Info: Redefining \] on input line 2860.
) (/usr/share/texlive/texmf-dist/tex/latex/graphics/graphicx.sty
Package: graphicx 2019/11/30 v1.2a Enhanced LaTeX Graphics (DPC,SPQR)
 (/usr/share/texlive/texmf-dist/tex/latex/graphics/keyval.sty
Package: keyval 2014/10/28 v1.15 key=value parser (DPC)
\KV@toks@=\toks19
) (/usr/share/texlive/texmf-dist/tex/latex/graphics/graphics.sty
Package: graphics 2019/11/30 v1.4a Standard LaTeX Graphics (DPC,SPQR)
 (/usr/share/texlive/texmf-dist/tex/latex/graphics/trig.sty
Package: trig 2016/01/03 v1.10 sin cos tan (DPC)
) (/usr/share/texlive/texmf-dist/tex/latex/graphics-cfg/graphics.cfg
File: graphics.cfg 2016/06/04 v1.11 sample graphics configuration
)
Package graphics Info: Driver file: pdftex.def on input line 105.
 (/usr/share/texlive/texmf-dist/tex/latex/graphics-def/pdftex.def
File: pdftex.def 2018/01/08 v1.0l Graphics/color driver for pdftex
))
\Gin@req@height=\dimen144
\Gin@req@width=\dimen145
) (/usr/share/texlive/texmf-dist/tex/latex/graphics/import.sty
Package: import 2020/04/01  v 6.2
) (/usr/share/texlive/texmf-dist/tex/latex/l3backend/l3backend-pdfmode.def
File: l3backend-pdfmode.def 2020-02-03 L3 backend support: PDF mode
\l__kernel_color_stack_int=\count188
\l__pdf_internal_box=\box47
) (./14_RegexToNFA-Examples.aux)
\openout1 = `14_RegexToNFA-Examples.aux'.

LaTeX Font Info:    Checking defaults for OML/cmm/m/it on input line 15.
LaTeX Font Info:    ... okay on input line 15.
LaTeX Font Info:    Checking defaults for OMS/cmsy/m/n on input line 15.
LaTeX Font Info:    ... okay on input line 15.
LaTeX Font Info:    Checking defaults for OT1/cmr/m/n on input line 15.
LaTeX Font Info:    ... okay on input line 15.
LaTeX Font Info:    Checking defaults for T1/cmr/m/n on input line 15.
LaTeX Font Info:    ... okay on input line 15.
LaTeX Font Info:    Checking defaults for TS1/cmr/m/n on input line 15.
LaTeX Font Info:    ... okay on input line 15.
LaTeX Font Info:    Checking defaults for OMX/cmex/m/n on input line 15.
LaTeX Font Info:    ... okay on input line 15.
LaTeX Font Info:    Checking defaults for U/cmr/m/n on input line 15.
LaTeX Font Info:    ... okay on input line 15.
 (/usr/share/texlive/texmf-dist/tex/context/base/mkii/supp-pdf.mkii
[Loading MPS to PDF converter (version 2006.09.02).]
\scratchcounter=\count189
\scratchdimen=\dimen146
\scratchbox=\box48
\nofMPsegments=\count190
\nofMParguments=\count191
\everyMPshowfont=\toks20
\MPscratchCnt=\count192
\MPscratchDim=\dimen147
\MPnumerator=\count193
\makeMPintoPDFobject=\count194
\everyMPtoPDFconversion=\toks21
) (/usr/share/texlive/texmf-dist/tex/latex/epstopdf-pkg/epstopdf-base.sty
Package: epstopdf-base 2020-01-24 v2.11 Base part for package epstopdf
Package epstopdf-base Info: Redefining graphics rule for `.eps' on input line 485.
 (/usr/share/texlive/texmf-dist/tex/latex/latexconfig/epstopdf-sys.cfg
File: epstopdf-sys.cfg 2010/07/13 v1.3 Configuration of (r)epstopdf for TeX Live
)) [1


{/var/lib/texmf/fonts/map/pdftex/updmap/pdftex.map}] (./figures/ex1st1.pdf_tex
<./figures/ex1st1.pdf, id=8, page=1, 135.50626pt x 135.50626pt>
File: ./figures/ex1st1.pdf Graphic file (type pdf)
<use ./figures/ex1st1.pdf, page 1>
Package pdftex.def Info: ./figures/ex1st1.pdf , page1 used on input line 56.
(pdftex.def)             Requested size: 135.50624pt x 135.5121pt.
<./figures/ex1st1.pdf, id=9, page=2, 135.50626pt x 135.50626pt>
File: ./figures/ex1st1.pdf Graphic file (type pdf)
<use ./figures/ex1st1.pdf, page 2>
Package pdftex.def Info: ./figures/ex1st1.pdf , page2 used on input line 58.
(pdftex.def)             Requested size: 135.50624pt x 135.5121pt.
) (./figures/ex1st2.pdf_tex
<./figures/ex1st2.pdf, id=10, page=1, 135.50626pt x 135.50626pt>
File: ./figures/ex1st2.pdf Graphic file (type pdf)
<use ./figures/ex1st2.pdf, page 1>
Package pdftex.def Info: ./figures/ex1st2.pdf , page1 used on input line 56.
(pdftex.def)             Requested size: 135.50624pt x 135.5121pt.
<./figures/ex1st2.pdf, id=11, page=2, 135.50626pt x 135.50626pt>
File: ./figures/ex1st2.pdf Graphic file (type pdf)
<use ./figures/ex1st2.pdf, page 2>
Package pdftex.def Info: ./figures/ex1st2.pdf , page2 used on input line 59.
(pdftex.def)             Requested size: 135.50624pt x 135.5121pt.
)
Underfull \vbox (badness 10000) has occurred while \output is active []

 [2 <./figures/ex1st1.pdf> <./figures/ex1st1.pdf

pdfTeX warning: pdflatex (file ./figures/ex1st1.pdf): PDF inclusion: multiple pdfs with page group included in a single page
> <./figures/ex1st2.pdf

pdfTeX warning: pdflatex (file ./figures/ex1st2.pdf): PDF inclusion: multiple pdfs with page group included in a single page
> <./figures/ex1st2.pdf

pdfTeX warning: pdflatex (file ./figures/ex1st2.pdf): PDF inclusion: multiple pdfs with page group included in a single page
>] (./figures/ex1st3.pdf_tex
<./figures/ex1st3.pdf, id=19, page=1, 135.50626pt x 135.50626pt>
File: ./figures/ex1st3.pdf Graphic file (type pdf)
<use ./figures/ex1st3.pdf, page 1>
Package pdftex.def Info: ./figures/ex1st3.pdf , page1 used on input line 56.
(pdftex.def)             Requested size: 135.50624pt x 135.5121pt.
<./figures/ex1st3.pdf, id=20, page=2, 135.50626pt x 135.50626pt>
File: ./figures/ex1st3.pdf Graphic file (type pdf)
<use ./figures/ex1st3.pdf, page 2>
Package pdftex.def Info: ./figures/ex1st3.pdf , page2 used on input line 59.
(pdftex.def)             Requested size: 135.50624pt x 135.5121pt.
) (./figures/ex1st4.pdf_tex
<./figures/ex1st4.pdf, id=21, page=1, 135.50626pt x 135.50626pt>
File: ./figures/ex1st4.pdf Graphic file (type pdf)
<use ./figures/ex1st4.pdf, page 1>
Package pdftex.def Info: ./figures/ex1st4.pdf , page1 used on input line 56.
(pdftex.def)             Requested size: 135.50624pt x 135.5121pt.
<./figures/ex1st4.pdf, id=22, page=2, 135.50626pt x 135.50626pt>
File: ./figures/ex1st4.pdf Graphic file (type pdf)
<use ./figures/ex1st4.pdf, page 2>
Package pdftex.def Info: ./figures/ex1st4.pdf , page2 used on input line 59.
(pdftex.def)             Requested size: 135.50624pt x 135.5121pt.
<./figures/ex1st4.pdf, id=23, page=3, 135.50626pt x 135.50626pt>
File: ./figures/ex1st4.pdf Graphic file (type pdf)
<use ./figures/ex1st4.pdf, page 3>
Package pdftex.def Info: ./figures/ex1st4.pdf , page3 used on input line 62.
(pdftex.def)             Requested size: 135.50624pt x 135.5121pt.
<./figures/ex1st4.pdf, id=24, page=4, 135.50626pt x 135.50626pt>
File: ./figures/ex1st4.pdf Graphic file (type pdf)
<use ./figures/ex1st4.pdf, page 4>
Package pdftex.def Info: ./figures/ex1st4.pdf , page4 used on input line 65.
(pdftex.def)             Requested size: 135.50624pt x 135.5121pt.
)
Underfull \vbox (badness 10000) has occurred while \output is active []

 [3 <./figures/ex1st3.pdf> <./figures/ex1st3.pdf

pdfTeX warning: pdflatex (file ./figures/ex1st3.pdf): PDF inclusion: multiple pdfs with page group included in a single page
> <./figures/ex1st4.pdf

pdfTeX warning: pdflatex (file ./figures/ex1st4.pdf): PDF inclusion: multiple pdfs with page group included in a single page
> <./figures/ex1st4.pdf

pdfTeX warning: pdflatex (file ./figures/ex1st4.pdf): PDF inclusion: multiple pdfs with page group included in a single page
> <./figures/ex1st4.pdf

pdfTeX warning: pdflatex (file ./figures/ex1st4.pdf): PDF inclusion: multiple pdfs with page group included in a single page
> <./figures/ex1st4.pdf

pdfTeX warning: pdflatex (file ./figures/ex1st4.pdf): PDF inclusion: multiple pdfs with page group included in a single page
>] (./figures/ex1st5.pdf_tex
<./figures/ex1st5.pdf, id=32, page=1, 135.50626pt x 135.50626pt>
File: ./figures/ex1st5.pdf Graphic file (type pdf)
<use ./figures/ex1st5.pdf, page 1>
Package pdftex.def Info: ./figures/ex1st5.pdf , page1 used on input line 56.
(pdftex.def)             Requested size: 135.50624pt x 135.5121pt.
<./figures/ex1st5.pdf, id=33, page=2, 135.50626pt x 135.50626pt>
File: ./figures/ex1st5.pdf Graphic file (type pdf)
<use ./figures/ex1st5.pdf, page 2>
Package pdftex.def Info: ./figures/ex1st5.pdf , page2 used on input line 59.
(pdftex.def)             Requested size: 135.50624pt x 135.5121pt.
<./figures/ex1st5.pdf, id=34, page=3, 135.50626pt x 135.50626pt>
File: ./figures/ex1st5.pdf Graphic file (type pdf)
<use ./figures/ex1st5.pdf, page 3>
Package pdftex.def Info: ./figures/ex1st5.pdf , page3 used on input line 61.
(pdftex.def)             Requested size: 135.50624pt x 135.5121pt.
<./figures/ex1st5.pdf, id=35, page=4, 135.50626pt x 135.50626pt>
File: ./figures/ex1st5.pdf Graphic file (type pdf)
<use ./figures/ex1st5.pdf, page 4>
Package pdftex.def Info: ./figures/ex1st5.pdf , page4 used on input line 64.
(pdftex.def)             Requested size: 135.50624pt x 135.5121pt.
) (./figures/ex1st6.pdf_tex
<./figures/ex1st6.pdf, id=36, page=1, 135.50626pt x 135.50626pt>
File: ./figures/ex1st6.pdf Graphic file (type pdf)
<use ./figures/ex1st6.pdf, page 1>
Package pdftex.def Info: ./figures/ex1st6.pdf , page1 used on input line 56.
(pdftex.def)             Requested size: 135.50624pt x 135.5121pt.
<./figures/ex1st6.pdf, id=37, page=2, 135.50626pt x 135.50626pt>
File: ./figures/ex1st6.pdf Graphic file (type pdf)
<use ./figures/ex1st6.pdf, page 2>
Package pdftex.def Info: ./figures/ex1st6.pdf , page2 used on input line 59.
(pdftex.def)             Requested size: 135.50624pt x 135.5121pt.
<./figures/ex1st6.pdf, id=38, page=3, 135.50626pt x 135.50626pt>
File: ./figures/ex1st6.pdf Graphic file (type pdf)
<use ./figures/ex1st6.pdf, page 3>
Package pdftex.def Info: ./figures/ex1st6.pdf , page3 used on input line 61.
(pdftex.def)             Requested size: 135.50624pt x 135.5121pt.
<./figures/ex1st6.pdf, id=39, page=4, 135.50626pt x 135.50626pt>
File: ./figures/ex1st6.pdf Graphic file (type pdf)
<use ./figures/ex1st6.pdf, page 4>
Package pdftex.def Info: ./figures/ex1st6.pdf , page4 used on input line 64.
(pdftex.def)             Requested size: 135.50624pt x 135.5121pt.
<./figures/ex1st6.pdf, id=40, page=5, 135.50626pt x 135.50626pt>
File: ./figures/ex1st6.pdf Graphic file (type pdf)
<use ./figures/ex1st6.pdf, page 5>
Package pdftex.def Info: ./figures/ex1st6.pdf , page5 used on input line 68.
(pdftex.def)             Requested size: 135.50624pt x 135.5121pt.
) [4 <./figures/ex1st5.pdf> <./figures/ex1st5.pdf

pdfTeX warning: pdflatex (file ./figures/ex1st5.pdf): PDF inclusion: multiple pdfs with page group included in a single page
> <./figures/ex1st5.pdf

pdfTeX warning: pdflatex (file ./figures/ex1st5.pdf): PDF inclusion: multiple pdfs with page group included in a single page
> <./figures/ex1st5.pdf

pdfTeX warning: pdflatex (file ./figures/ex1st5.pdf): PDF inclusion: multiple pdfs with page group included in a single page
> <./figures/ex1st6.pdf

pdfTeX warning: pdflatex (file ./figures/ex1st6.pdf): PDF inclusion: multiple pdfs with page group included in a single page
> <./figures/ex1st6.pdf

pdfTeX warning: pdflatex (file ./figures/ex1st6.pdf): PDF inclusion: multiple pdfs with page group included in a single page
> <./figures/ex1st6.pdf

pdfTeX warning: pdflatex (file ./figures/ex1st6.pdf): PDF inclusion: multiple pdfs with page group included in a single page
> <./figures/ex1st6.pdf

pdfTeX warning: pdflatex (file ./figures/ex1st6.pdf): PDF inclusion: multiple pdfs with page group included in a single page
> <./figures/ex1st6.pdf

pdfTeX warning: pdflatex (file ./figures/ex1st6.pdf): PDF inclusion: multiple pdfs with page group included in a single page
>] (./14_RegexToNFA-Examples.aux) ) 
Here is how much of TeX's memory you used:
 1935 strings out of 483183
 27706 string characters out of 5966292
 258462 words of memory out of 5000000
 16947 multiletter control sequences out of 15000+600000
 538676 words of font info for 46 fonts, out of 8000000 for 9000
 14 hyphenation exceptions out of 8191
 30i,17n,30p,239b,368s stack positions out of 5000i,500n,10000p,200000b,80000s
</usr/share/texlive/texmf-dist/fonts/type1/public/amsfonts/cm/cmbx12.pfb></usr/share/texlive/texmf-dist/fonts/type1/public/amsfonts/cm/cmmi12.pfb></usr/share/texlive/texmf-dist/fonts/type1/public/amsfonts/cm/cmr12.pfb></usr/share/texlive/texmf-dist/fonts/type1/public/amsfonts/cm/cmr17.pfb></usr/share/texlive/texmf-dist/fonts/type1/public/amsfonts/cm/cmsy10.pfb>
Output written on 14_RegexToNFA-Examples.pdf (4 pages, 67637 bytes).
PDF statistics:
 65 PDF objects out of 1000 (max. 8388607)
 34 compressed objects within 1 object stream
 0 named destinations out of 1000 (max. 500000)
 96 words of extra memory for PDF output out of 10000 (max. 10000000)

