This is pdfTeX, Version 3.14159265-2.6-1.40.20 (TeX Live 2019/Debian) (preloaded format=pdflatex 2022.1.31)  16 FEB 2022 12:57
entering extended mode
 restricted \write18 enabled.
 file:line:error style messages enabled.
 %&-line parsing enabled.
**12_MachineRepresentation-Procedure1.tex
(./12_MachineRepresentation-Procedure1.tex
LaTeX2e <2020-02-02> patch level 2
L3 programming layer <2020-02-14> (/usr/share/texlive/texmf-dist/tex/latex/base/book.cls
Document Class: book 2019/12/20 v1.4l Standard LaTeX document class
(/usr/share/texlive/texmf-dist/tex/latex/base/bk12.clo
File: bk12.clo 2019/12/20 v1.4l Standard LaTeX file (size option)
)
\c@part=\count167
\c@chapter=\count168
\c@section=\count169
\c@subsection=\count170
\c@subsubsection=\count171
\c@paragraph=\count172
\c@subparagraph=\count173
\c@figure=\count174
\c@table=\count175
\abovecaptionskip=\skip47
\belowcaptionskip=\skip48
\bibindent=\dimen134
) (/usr/share/texlive/texmf-dist/tex/latex/amsmath/amsmath.sty
Package: amsmath 2020/01/20 v2.17e AMS math features
\@mathmargin=\skip49

For additional information on amsmath, use the `?' option.
(/usr/share/texlive/texmf-dist/tex/latex/amsmath/amstext.sty
Package: amstext 2000/06/29 v2.01 AMS text
 (/usr/share/texlive/texmf-dist/tex/latex/amsmath/amsgen.sty
File: amsgen.sty 1999/11/30 v2.0 generic functions
\@emptytoks=\toks14
\ex@=\dimen135
)) (/usr/share/texlive/texmf-dist/tex/latex/amsmath/amsbsy.sty
Package: amsbsy 1999/11/29 v1.2d Bold Symbols
\pmbraise@=\dimen136
) (/usr/share/texlive/texmf-dist/tex/latex/amsmath/amsopn.sty
Package: amsopn 2016/03/08 v2.02 operator names
)
\inf@bad=\count176
LaTeX Info: Redefining \frac on input line 227.
\uproot@=\count177
\leftroot@=\count178
LaTeX Info: Redefining \overline on input line 389.
\classnum@=\count179
\DOTSCASE@=\count180
LaTeX Info: Redefining \ldots on input line 486.
LaTeX Info: Redefining \dots on input line 489.
LaTeX Info: Redefining \cdots on input line 610.
\Mathstrutbox@=\box45
\strutbox@=\box46
\big@size=\dimen137
LaTeX Font Info:    Redeclaring font encoding OML on input line 733.
LaTeX Font Info:    Redeclaring font encoding OMS on input line 734.
\macc@depth=\count181
\c@MaxMatrixCols=\count182
\dotsspace@=\muskip16
\c@parentequation=\count183
\dspbrk@lvl=\count184
\tag@help=\toks15
\row@=\count185
\column@=\count186
\maxfields@=\count187
\andhelp@=\toks16
\eqnshift@=\dimen138
\alignsep@=\dimen139
\tagshift@=\dimen140
\tagwidth@=\dimen141
\totwidth@=\dimen142
\lineht@=\dimen143
\@envbody=\toks17
\multlinegap=\skip50
\multlinetaggap=\skip51
\mathdisplay@stack=\toks18
LaTeX Info: Redefining \[ on input line 2859.
LaTeX Info: Redefining \] on input line 2860.
) (/usr/share/texlive/texmf-dist/tex/latex/graphics/graphicx.sty
Package: graphicx 2019/11/30 v1.2a Enhanced LaTeX Graphics (DPC,SPQR)
 (/usr/share/texlive/texmf-dist/tex/latex/graphics/keyval.sty
Package: keyval 2014/10/28 v1.15 key=value parser (DPC)
\KV@toks@=\toks19
) (/usr/share/texlive/texmf-dist/tex/latex/graphics/graphics.sty
Package: graphics 2019/11/30 v1.4a Standard LaTeX Graphics (DPC,SPQR)
 (/usr/share/texlive/texmf-dist/tex/latex/graphics/trig.sty
Package: trig 2016/01/03 v1.10 sin cos tan (DPC)
) (/usr/share/texlive/texmf-dist/tex/latex/graphics-cfg/graphics.cfg
File: graphics.cfg 2016/06/04 v1.11 sample graphics configuration
)
Package graphics Info: Driver file: pdftex.def on input line 105.
 (/usr/share/texlive/texmf-dist/tex/latex/graphics-def/pdftex.def
File: pdftex.def 2018/01/08 v1.0l Graphics/color driver for pdftex
))
\Gin@req@height=\dimen144
\Gin@req@width=\dimen145
) (/usr/share/texlive/texmf-dist/tex/latex/graphics/import.sty
Package: import 2020/04/01  v 6.2
) (/usr/share/texlive/texmf-dist/tex/latex/amsfonts/amsfonts.sty
Package: amsfonts 2013/01/14 v3.01 Basic AMSFonts support
\symAMSa=\mathgroup4
\symAMSb=\mathgroup5
LaTeX Font Info:    Redeclaring math symbol \hbar on input line 98.
LaTeX Font Info:    Overwriting math alphabet `\mathfrak' in version `bold'
(Font)                  U/euf/m/n --> U/euf/b/n on input line 106.
) (/usr/share/texlive/texmf-dist/tex/latex/booktabs/booktabs.sty
Package: booktabs 2020/01/12 v1.61803398 Publication quality tables
\heavyrulewidth=\dimen146
\lightrulewidth=\dimen147
\cmidrulewidth=\dimen148
\belowrulesep=\dimen149
\belowbottomsep=\dimen150
\aboverulesep=\dimen151
\abovetopsep=\dimen152
\cmidrulesep=\dimen153
\cmidrulekern=\dimen154
\defaultaddspace=\dimen155
\@cmidla=\count188
\@cmidlb=\count189
\@aboverulesep=\dimen156
\@belowrulesep=\dimen157
\@thisruleclass=\count190
\@lastruleclass=\count191
\@thisrulewidth=\dimen158
) (/usr/share/texlive/texmf-dist/tex/latex/l3backend/l3backend-pdfmode.def
File: l3backend-pdfmode.def 2020-02-03 L3 backend support: PDF mode
\l__kernel_color_stack_int=\count192
\l__pdf_internal_box=\box47
) (./12_MachineRepresentation-Procedure1.aux)
\openout1 = `12_MachineRepresentation-Procedure1.aux'.

LaTeX Font Info:    Checking defaults for OML/cmm/m/it on input line 26.
LaTeX Font Info:    ... okay on input line 26.
LaTeX Font Info:    Checking defaults for OMS/cmsy/m/n on input line 26.
LaTeX Font Info:    ... okay on input line 26.
LaTeX Font Info:    Checking defaults for OT1/cmr/m/n on input line 26.
LaTeX Font Info:    ... okay on input line 26.
LaTeX Font Info:    Checking defaults for T1/cmr/m/n on input line 26.
LaTeX Font Info:    ... okay on input line 26.
LaTeX Font Info:    Checking defaults for TS1/cmr/m/n on input line 26.
LaTeX Font Info:    ... okay on input line 26.
LaTeX Font Info:    Checking defaults for OMX/cmex/m/n on input line 26.
LaTeX Font Info:    ... okay on input line 26.
LaTeX Font Info:    Checking defaults for U/cmr/m/n on input line 26.
LaTeX Font Info:    ... okay on input line 26.
 (/usr/share/texlive/texmf-dist/tex/context/base/mkii/supp-pdf.mkii
[Loading MPS to PDF converter (version 2006.09.02).]
\scratchcounter=\count193
\scratchdimen=\dimen159
\scratchbox=\box48
\nofMPsegments=\count194
\nofMParguments=\count195
\everyMPshowfont=\toks20
\MPscratchCnt=\count196
\MPscratchDim=\dimen160
\MPnumerator=\count197
\makeMPintoPDFobject=\count198
\everyMPtoPDFconversion=\toks21
) (/usr/share/texlive/texmf-dist/tex/latex/epstopdf-pkg/epstopdf-base.sty
Package: epstopdf-base 2020-01-24 v2.11 Base part for package epstopdf
Package epstopdf-base Info: Redefining graphics rule for `.eps' on input line 485.
 (/usr/share/texlive/texmf-dist/tex/latex/latexconfig/epstopdf-sys.cfg
File: epstopdf-sys.cfg 2010/07/13 v1.3 Configuration of (r)epstopdf for TeX Live
))
LaTeX Font Info:    Trying to load font information for U+msa on input line 28.
 (/usr/share/texlive/texmf-dist/tex/latex/amsfonts/umsa.fd
File: umsa.fd 2013/01/14 v3.01 AMS symbols A
)
LaTeX Font Info:    Trying to load font information for U+msb on input line 28.
 (/usr/share/texlive/texmf-dist/tex/latex/amsfonts/umsb.fd
File: umsb.fd 2013/01/14 v3.01 AMS symbols B
) [1



{/var/lib/texmf/fonts/map/pdftex/updmap/pdftex.map}]
<./figures/procedureEx.png, id=8, 255.20343pt x 549.55313pt>
File: ./figures/procedureEx.png Graphic file (type png)
<use ./figures/procedureEx.png>
Package pdftex.def Info: ./figures/procedureEx.png  used on input line 38.
(pdftex.def)             Requested size: 127.6014pt x 274.7759pt.

Underfull \vbox (badness 10000) has occurred while \output is active []

 [2 <./figures/procedureEx.png>]
<./figures/x86stack.png, id=15, 932.73468pt x 524.71031pt>
File: ./figures/x86stack.png Graphic file (type png)
<use ./figures/x86stack.png>
Package pdftex.def Info: ./figures/x86stack.png  used on input line 51.
(pdftex.def)             Requested size: 373.08727pt x 209.8804pt.
<./figures/procedureCode.png, id=16, 949.29657pt x 678.28406pt>
File: ./figures/procedureCode.png Graphic file (type png)
<use ./figures/procedureCode.png>
Package pdftex.def Info: ./figures/procedureCode.png  used on input line 67.
(pdftex.def)             Requested size: 94.93521pt x 67.83237pt.
 [3 <./figures/x86stack.png> <./figures/procedureCode.png>]
<./figures/controlflowEx.png, id=24, 885.3075pt x 500.62032pt>
File: ./figures/controlflowEx.png Graphic file (type png)
<use ./figures/controlflowEx.png>
Package pdftex.def Info: ./figures/controlflowEx.png  used on input line 83.
(pdftex.def)             Requested size: 265.5943pt x 150.18726pt.
 [4 <./figures/controlflowEx.png>]
<./figures/dataflowEx.png, id=30, 971.12813pt x 711.4078pt>
File: ./figures/dataflowEx.png Graphic file (type png)
<use ./figures/dataflowEx.png>
Package pdftex.def Info: ./figures/dataflowEx.png  used on input line 104.
(pdftex.def)             Requested size: 194.22218pt x 142.27904pt.
<./figures/callchain.png, id=31, 875.52094pt x 531.48563pt>
File: ./figures/callchain.png Graphic file (type png)
<use ./figures/callchain.png>
Package pdftex.def Info: ./figures/callchain.png  used on input line 113.
(pdftex.def)             Requested size: 175.10107pt x 106.29524pt.
 [5 <./figures/dataflowEx.png> <./figures/callchain.png>]
<./figures/stackframe.png, id=37, 477.28313pt x 429.10312pt>
File: ./figures/stackframe.png Graphic file (type png)
<use ./figures/stackframe.png>
Package pdftex.def Info: ./figures/stackframe.png  used on input line 144.
(pdftex.def)             Requested size: 190.90987pt x 171.6382pt.

Underfull \vbox (badness 1005) has occurred while \output is active []

 [6 <./figures/stackframe.png>]
<./figures/stackframeMany.png, id=42, 880.03781pt x 508.14844pt>
File: ./figures/stackframeMany.png Graphic file (type png)
<use ./figures/stackframeMany.png>
Package pdftex.def Info: ./figures/stackframeMany.png  used on input line 154.
(pdftex.def)             Requested size: 264.01338pt x 152.4457pt.
<./figures/x86stackframe.png, id=43, 414.79968pt x 521.69907pt>
File: ./figures/x86stackframe.png Graphic file (type png)
<use ./figures/x86stackframe.png>
Package pdftex.def Info: ./figures/x86stackframe.png  used on input line 161.
(pdftex.def)             Requested size: 124.44086pt x 156.51093pt.
 [7 <./figures/stackframeMany.png> <./figures/x86stackframe.png>]
<./figures/localdataEx.png, id=50, 898.10532pt x 472.76625pt>
File: ./figures/localdataEx.png Graphic file (type png)
<use ./figures/localdataEx.png>
Package pdftex.def Info: ./figures/localdataEx.png  used on input line 183.
(pdftex.def)             Requested size: 179.61787pt x 94.55157pt.
<./figures/localdataEx2.png, id=51, 909.3975pt x 590.205pt>
File: ./figures/localdataEx2.png Graphic file (type png)
<use ./figures/localdataEx2.png>
Package pdftex.def Info: ./figures/localdataEx2.png  used on input line 190.
(pdftex.def)             Requested size: 181.87628pt x 118.0389pt.
<./figures/localdataEx3.png, id=52, 898.85812pt x 579.66562pt>
File: ./figures/localdataEx3.png Graphic file (type png)
<use ./figures/localdataEx3.png>
Package pdftex.def Info: ./figures/localdataEx3.png  used on input line 197.
(pdftex.def)             Requested size: 152.80385pt x 98.54184pt.
 [8 <./figures/localdataEx.png> <./figures/localdataEx2.png> <./figures/localdataEx3.png>] (./12_MachineRepresentation-Procedure1.aux) ) 
Here is how much of TeX's memory you used:
 2092 strings out of 483183
 29643 string characters out of 5966292
 257775 words of memory out of 5000000
 17091 multiletter control sequences out of 15000+600000
 541652 words of font info for 60 fonts, out of 8000000 for 9000
 14 hyphenation exceptions out of 8191
 30i,7n,27p,252b,223s stack positions out of 5000i,500n,10000p,200000b,80000s
 </home/cain/.texlive2019/texmf-var/fonts/pk/ljfour/jknappen/ec/tcrm1200.600pk></usr/share/texlive/texmf-dist/fonts/type1/public/amsfonts/cm/cmbx12.pfb></usr/share/texlive/texmf-dist/fonts/type1/public/amsfonts/cm/cmmi12.pfb></usr/share/texlive/texmf-dist/fonts/type1/public/amsfonts/cm/cmr12.pfb></usr/share/texlive/texmf-dist/fonts/type1/public/amsfonts/cm/cmr17.pfb></usr/share/texlive/texmf-dist/fonts/type1/public/amsfonts/cm/cmtt12.pfb>
Output written on 12_MachineRepresentation-Procedure1.pdf (8 pages, 2566476 bytes).
PDF statistics:
 81 PDF objects out of 1000 (max. 8388607)
 40 compressed objects within 1 object stream
 0 named destinations out of 1000 (max. 500000)
 61 words of extra memory for PDF output out of 10000 (max. 10000000)

