This is pdfTeX, Version 3.141592653-2.6-1.40.22 (TeX Live 2021/Homebrew) (preloaded format=pdflatex 2021.9.30)  28 FEB 2022 09:16
entering extended mode
 restricted \write18 enabled.
 file:line:error style messages enabled.
 %&-line parsing enabled.
**15_MachineRepresentation-Data2.tex
(./15_MachineRepresentation-Data2.tex
LaTeX2e <2020-10-01> patch level 4
L3 programming layer <2021-02-18> (/usr/local/Cellar/texlive/58837/share/texmf-dist/tex/latex/base/book.cls
Document Class: book 2020/04/10 v1.4m Standard LaTeX document class
(/usr/local/Cellar/texlive/58837/share/texmf-dist/tex/latex/base/bk12.clo
File: bk12.clo 2020/04/10 v1.4m Standard LaTeX file (size option)
)
\c@part=\count179
\c@chapter=\count180
\c@section=\count181
\c@subsection=\count182
\c@subsubsection=\count183
\c@paragraph=\count184
\c@subparagraph=\count185
\c@figure=\count186
\c@table=\count187
\abovecaptionskip=\skip47
\belowcaptionskip=\skip48
\bibindent=\dimen138
) (/usr/local/Cellar/texlive/58837/share/texmf-dist/tex/latex/amsmath/amsmath.sty
Package: amsmath 2020/09/23 v2.17i AMS math features
\@mathmargin=\skip49

For additional information on amsmath, use the `?' option.
(/usr/local/Cellar/texlive/58837/share/texmf-dist/tex/latex/amsmath/amstext.sty
Package: amstext 2000/06/29 v2.01 AMS text
 (/usr/local/Cellar/texlive/58837/share/texmf-dist/tex/latex/amsmath/amsgen.sty
File: amsgen.sty 1999/11/30 v2.0 generic functions
\@emptytoks=\toks15
\ex@=\dimen139
)) (/usr/local/Cellar/texlive/58837/share/texmf-dist/tex/latex/amsmath/amsbsy.sty
Package: amsbsy 1999/11/29 v1.2d Bold Symbols
\pmbraise@=\dimen140
) (/usr/local/Cellar/texlive/58837/share/texmf-dist/tex/latex/amsmath/amsopn.sty
Package: amsopn 2016/03/08 v2.02 operator names
)
\inf@bad=\count188
LaTeX Info: Redefining \frac on input line 234.
\uproot@=\count189
\leftroot@=\count190
LaTeX Info: Redefining \overline on input line 399.
\classnum@=\count191
\DOTSCASE@=\count192
LaTeX Info: Redefining \ldots on input line 496.
LaTeX Info: Redefining \dots on input line 499.
LaTeX Info: Redefining \cdots on input line 620.
\Mathstrutbox@=\box47
\strutbox@=\box48
\big@size=\dimen141
LaTeX Font Info:    Redeclaring font encoding OML on input line 743.
LaTeX Font Info:    Redeclaring font encoding OMS on input line 744.
\macc@depth=\count193
\c@MaxMatrixCols=\count194
\dotsspace@=\muskip16
\c@parentequation=\count195
\dspbrk@lvl=\count196
\tag@help=\toks16
\row@=\count197
\column@=\count198
\maxfields@=\count199
\andhelp@=\toks17
\eqnshift@=\dimen142
\alignsep@=\dimen143
\tagshift@=\dimen144
\tagwidth@=\dimen145
\totwidth@=\dimen146
\lineht@=\dimen147
\@envbody=\toks18
\multlinegap=\skip50
\multlinetaggap=\skip51
\mathdisplay@stack=\toks19
LaTeX Info: Redefining \[ on input line 2923.
LaTeX Info: Redefining \] on input line 2924.
) (/usr/local/Cellar/texlive/58837/share/texmf-dist/tex/latex/graphics/graphicx.sty
Package: graphicx 2020/09/09 v1.2b Enhanced LaTeX Graphics (DPC,SPQR)
 (/usr/local/Cellar/texlive/58837/share/texmf-dist/tex/latex/graphics/keyval.sty
Package: keyval 2014/10/28 v1.15 key=value parser (DPC)
\KV@toks@=\toks20
) (/usr/local/Cellar/texlive/58837/share/texmf-dist/tex/latex/graphics/graphics.sty
Package: graphics 2020/08/30 v1.4c Standard LaTeX Graphics (DPC,SPQR)
 (/usr/local/Cellar/texlive/58837/share/texmf-dist/tex/latex/graphics/trig.sty
Package: trig 2016/01/03 v1.10 sin cos tan (DPC)
) (/usr/local/Cellar/texlive/58837/share/texmf-dist/tex/latex/graphics-cfg/graphics.cfg
File: graphics.cfg 2016/06/04 v1.11 sample graphics configuration
)
Package graphics Info: Driver file: pdftex.def on input line 105.
 (/usr/local/Cellar/texlive/58837/share/texmf-dist/tex/latex/graphics-def/pdftex.def
File: pdftex.def 2020/10/05 v1.2a Graphics/color driver for pdftex
))
\Gin@req@height=\dimen148
\Gin@req@width=\dimen149
) (/usr/local/Cellar/texlive/58837/share/texmf-dist/tex/latex/import/import.sty
Package: import 2020/04/01  v 6.2
) (/usr/local/Cellar/texlive/58837/share/texmf-dist/tex/latex/amsfonts/amsfonts.sty
Package: amsfonts 2013/01/14 v3.01 Basic AMSFonts support
\symAMSa=\mathgroup4
\symAMSb=\mathgroup5
LaTeX Font Info:    Redeclaring math symbol \hbar on input line 98.
LaTeX Font Info:    Overwriting math alphabet `\mathfrak' in version `bold'
(Font)                  U/euf/m/n --> U/euf/b/n on input line 106.
) (/usr/local/Cellar/texlive/58837/share/texmf-dist/tex/latex/booktabs/booktabs.sty
Package: booktabs 2020/01/12 v1.61803398 Publication quality tables
\heavyrulewidth=\dimen150
\lightrulewidth=\dimen151
\cmidrulewidth=\dimen152
\belowrulesep=\dimen153
\belowbottomsep=\dimen154
\aboverulesep=\dimen155
\abovetopsep=\dimen156
\cmidrulesep=\dimen157
\cmidrulekern=\dimen158
\defaultaddspace=\dimen159
\@cmidla=\count266
\@cmidlb=\count267
\@aboverulesep=\dimen160
\@belowrulesep=\dimen161
\@thisruleclass=\count268
\@lastruleclass=\count269
\@thisrulewidth=\dimen162
) (/usr/local/Cellar/texlive/58837/share/texmf-dist/tex/latex/l3backend/l3backend-pdftex.def
File: l3backend-pdftex.def 2021-03-18 L3 backend support: PDF output (pdfTeX)
\l__color_backend_stack_int=\count270
\l__pdf_internal_box=\box49
) (./15_MachineRepresentation-Data2.aux)
\openout1 = `15_MachineRepresentation-Data2.aux'.

LaTeX Font Info:    Checking defaults for OML/cmm/m/it on input line 26.
LaTeX Font Info:    ... okay on input line 26.
LaTeX Font Info:    Checking defaults for OMS/cmsy/m/n on input line 26.
LaTeX Font Info:    ... okay on input line 26.
LaTeX Font Info:    Checking defaults for OT1/cmr/m/n on input line 26.
LaTeX Font Info:    ... okay on input line 26.
LaTeX Font Info:    Checking defaults for T1/cmr/m/n on input line 26.
LaTeX Font Info:    ... okay on input line 26.
LaTeX Font Info:    Checking defaults for TS1/cmr/m/n on input line 26.
LaTeX Font Info:    ... okay on input line 26.
LaTeX Font Info:    Checking defaults for OMX/cmex/m/n on input line 26.
LaTeX Font Info:    ... okay on input line 26.
LaTeX Font Info:    Checking defaults for U/cmr/m/n on input line 26.
LaTeX Font Info:    ... okay on input line 26.
 (/usr/local/Cellar/texlive/58837/share/texmf-dist/tex/context/base/mkii/supp-pdf.mkii
[Loading MPS to PDF converter (version 2006.09.02).]
\scratchcounter=\count271
\scratchdimen=\dimen163
\scratchbox=\box50
\nofMPsegments=\count272
\nofMParguments=\count273
\everyMPshowfont=\toks21
\MPscratchCnt=\count274
\MPscratchDim=\dimen164
\MPnumerator=\count275
\makeMPintoPDFobject=\count276
\everyMPtoPDFconversion=\toks22
) (/usr/local/Cellar/texlive/58837/share/texmf-dist/tex/latex/epstopdf-pkg/epstopdf-base.sty
Package: epstopdf-base 2020-01-24 v2.11 Base part for package epstopdf
Package epstopdf-base Info: Redefining graphics rule for `.eps' on input line 485.
 (/usr/local/Cellar/texlive/58837/share/texmf-dist/tex/latex/latexconfig/epstopdf-sys.cfg
File: epstopdf-sys.cfg 2010/07/13 v1.3 Configuration of (r)epstopdf for TeX Live
))
LaTeX Font Info:    Trying to load font information for U+msa on input line 28.
 (/usr/local/Cellar/texlive/58837/share/texmf-dist/tex/latex/amsfonts/umsa.fd
File: umsa.fd 2013/01/14 v3.01 AMS symbols A
)
LaTeX Font Info:    Trying to load font information for U+msb on input line 28.
 (/usr/local/Cellar/texlive/58837/share/texmf-dist/tex/latex/amsfonts/umsb.fd
File: umsb.fd 2013/01/14 v3.01 AMS symbols B
) [1



{/usr/local/Cellar/texlive/58837/share/texmf-dist/fonts/map/pdftex/updmap/pdftex.map}]
<./figures/struct.png, id=8, 839.38594pt x 180.675pt>
File: ./figures/struct.png Graphic file (type png)
<use ./figures/struct.png>
Package pdftex.def Info: ./figures/struct.png  used on input line 38.
(pdftex.def)             Requested size: 377.72018pt x 81.303pt.
<./figures/linkedlist.png, id=10, 927.465pt x 691.83469pt>
File: ./figures/linkedlist.png Graphic file (type png)
<use ./figures/linkedlist.png>
Package pdftex.def Info: ./figures/linkedlist.png  used on input line 44.
(pdftex.def)             Requested size: 370.97943pt x 276.72897pt.
<./figures/aligned.png, id=11, 901.86937pt x 236.38312pt>
File: ./figures/aligned.png Graphic file (type png)
<use ./figures/aligned.png>
Package pdftex.def Info: ./figures/aligned.png  used on input line 53.
(pdftex.def)             Requested size: 360.74136pt x 94.55156pt.

Underfull \vbox (badness 1838) has occurred while \output is active []

 [2 <./figures/struct.png> <./figures/linkedlist.png>]
<./figures/alignTable.png, id=18, 601.4972pt x 425.33907pt>
File: ./figures/alignTable.png Graphic file (type png)
<use ./figures/alignTable.png>
Package pdftex.def Info: ./figures/alignTable.png  used on input line 62.
(pdftex.def)             Requested size: 300.74786pt x 212.669pt.
<./figures/alignArrange.png, id=19, 904.1278pt x 268.75406pt>
File: ./figures/alignArrange.png Graphic file (type png)
<use ./figures/alignArrange.png>
Package pdftex.def Info: ./figures/alignArrange.png  used on input line 73.
(pdftex.def)             Requested size: 361.64471pt x 107.49971pt.
 [3 <./figures/aligned.png> <./figures/alignTable.png>]
<./figures/alignEx.png, id=27, 435.12563pt x 134.00063pt>
File: ./figures/alignEx.png Graphic file (type png)
<use ./figures/alignEx.png>
Package pdftex.def Info: ./figures/alignEx.png  used on input line 80.
(pdftex.def)             Requested size: 174.04716pt x 53.59929pt.
<./figures/union.png, id=28, 730.22812pt x 184.43906pt>
File: ./figures/union.png Graphic file (type png)
<use ./figures/union.png>
Package pdftex.def Info: ./figures/union.png  used on input line 88.
(pdftex.def)             Requested size: 292.08607pt x 73.7743pt.
 [4 <./figures/alignArrange.png> <./figures/alignEx.png> <./figures/union.png>]
<./figures/unionEx.png, id=35, 889.82437pt x 453.19313pt>
File: ./figures/unionEx.png Graphic file (type png)
<use ./figures/unionEx.png>
Package pdftex.def Info: ./figures/unionEx.png  used on input line 95.
(pdftex.def)             Requested size: 355.92345pt x 181.27403pt.
 [5 <./figures/unionEx.png>]
<./figures/floatOps.png, id=41, 947.79094pt x 665.48625pt>
File: ./figures/floatOps.png Graphic file (type png)
<use ./figures/floatOps.png>
Package pdftex.def Info: ./figures/floatOps.png  used on input line 119.
(pdftex.def)             Requested size: 379.10966pt x 266.18977pt.
<./figures/floatBasics.png, id=42, 965.10562pt x 279.29344pt>
File: ./figures/floatBasics.png Graphic file (type png)
<use ./figures/floatBasics.png>
Package pdftex.def Info: ./figures/floatBasics.png  used on input line 128.
(pdftex.def)             Requested size: 289.53392pt x 83.78867pt.
<./figures/floatMov.png, id=43, 688.82344pt x 395.22656pt>
File: ./figures/floatMov.png Graphic file (type png)
<use ./figures/floatMov.png>
Package pdftex.def Info: ./figures/floatMov.png  used on input line 137.
(pdftex.def)             Requested size: 275.52449pt x 158.08781pt.
 [6 <./figures/floatOps.png> <./figures/floatBasics.png>] [7 <./figures/floatMov.png>] (./15_MachineRepresentation-Data2.aux) ) 
Here is how much of TeX's memory you used:
 2133 strings out of 478994
 31515 string characters out of 5851139
 318238 words of memory out of 5000000
 19602 multiletter control sequences out of 15000+600000
 413051 words of font info for 64 fonts, out of 8000000 for 9000
 1141 hyphenation exceptions out of 8191
 68i,7n,74p,247b,225s stack positions out of 5000i,500n,10000p,200000b,80000s
{/usr/local/Cellar/texlive/58837/share/texmf-dist/fonts/enc/dvips/cm-super/cm-super-ts1.enc}</usr/local/Cellar/texlive/58837/share/texmf-dist/fonts/type1/public/amsfonts/cm/cmbx12.pfb></usr/local/Cellar/texlive/58837/share/texmf-dist/fonts/type1/public/amsfonts/cm/cmmi12.pfb></usr/local/Cellar/texlive/58837/share/texmf-dist/fonts/type1/public/amsfonts/cm/cmr12.pfb></usr/local/Cellar/texlive/58837/share/texmf-dist/fonts/type1/public/amsfonts/cm/cmr17.pfb></usr/local/Cellar/texlive/58837/share/texmf-dist/fonts/type1/public/amsfonts/cm/cmtt12.pfb></usr/local/Cellar/texlive/58837/share/texmf-dist/fonts/type1/public/cm-super/sfrm1200.pfb>
Output written on 15_MachineRepresentation-Data2.pdf (7 pages, 1491084 bytes).
PDF statistics:
 76 PDF objects out of 1000 (max. 8388607)
 38 compressed objects within 1 object stream
 0 named destinations out of 1000 (max. 500000)
 56 words of extra memory for PDF output out of 10000 (max. 10000000)

