This is pdfTeX, Version 3.14159265-2.6-1.40.20 (TeX Live 2019/Debian) (preloaded format=pdflatex 2022.1.31)  8 FEB 2022 23:52
entering extended mode
 restricted \write18 enabled.
 file:line:error style messages enabled.
 %&-line parsing enabled.
**CISC223A2.tex
(./CISC223A2.tex
LaTeX2e <2020-02-02> patch level 2
L3 programming layer <2020-02-14> (/usr/share/texlive/texmf-dist/tex/latex/base/book.cls
Document Class: book 2019/12/20 v1.4l Standard LaTeX document class
(/usr/share/texlive/texmf-dist/tex/latex/base/bk12.clo
File: bk12.clo 2019/12/20 v1.4l Standard LaTeX file (size option)
)
\c@part=\count167
\c@chapter=\count168
\c@section=\count169
\c@subsection=\count170
\c@subsubsection=\count171
\c@paragraph=\count172
\c@subparagraph=\count173
\c@figure=\count174
\c@table=\count175
\abovecaptionskip=\skip47
\belowcaptionskip=\skip48
\bibindent=\dimen134
) (/usr/share/texlive/texmf-dist/tex/latex/amsmath/amsmath.sty
Package: amsmath 2020/01/20 v2.17e AMS math features
\@mathmargin=\skip49

For additional information on amsmath, use the `?' option.
(/usr/share/texlive/texmf-dist/tex/latex/amsmath/amstext.sty
Package: amstext 2000/06/29 v2.01 AMS text
 (/usr/share/texlive/texmf-dist/tex/latex/amsmath/amsgen.sty
File: amsgen.sty 1999/11/30 v2.0 generic functions
\@emptytoks=\toks14
\ex@=\dimen135
)) (/usr/share/texlive/texmf-dist/tex/latex/amsmath/amsbsy.sty
Package: amsbsy 1999/11/29 v1.2d Bold Symbols
\pmbraise@=\dimen136
) (/usr/share/texlive/texmf-dist/tex/latex/amsmath/amsopn.sty
Package: amsopn 2016/03/08 v2.02 operator names
)
\inf@bad=\count176
LaTeX Info: Redefining \frac on input line 227.
\uproot@=\count177
\leftroot@=\count178
LaTeX Info: Redefining \overline on input line 389.
\classnum@=\count179
\DOTSCASE@=\count180
LaTeX Info: Redefining \ldots on input line 486.
LaTeX Info: Redefining \dots on input line 489.
LaTeX Info: Redefining \cdots on input line 610.
\Mathstrutbox@=\box45
\strutbox@=\box46
\big@size=\dimen137
LaTeX Font Info:    Redeclaring font encoding OML on input line 733.
LaTeX Font Info:    Redeclaring font encoding OMS on input line 734.
\macc@depth=\count181
\c@MaxMatrixCols=\count182
\dotsspace@=\muskip16
\c@parentequation=\count183
\dspbrk@lvl=\count184
\tag@help=\toks15
\row@=\count185
\column@=\count186
\maxfields@=\count187
\andhelp@=\toks16
\eqnshift@=\dimen138
\alignsep@=\dimen139
\tagshift@=\dimen140
\tagwidth@=\dimen141
\totwidth@=\dimen142
\lineht@=\dimen143
\@envbody=\toks17
\multlinegap=\skip50
\multlinetaggap=\skip51
\mathdisplay@stack=\toks18
LaTeX Info: Redefining \[ on input line 2859.
LaTeX Info: Redefining \] on input line 2860.
) (/usr/share/texlive/texmf-dist/tex/latex/graphics/graphicx.sty
Package: graphicx 2019/11/30 v1.2a Enhanced LaTeX Graphics (DPC,SPQR)
 (/usr/share/texlive/texmf-dist/tex/latex/graphics/keyval.sty
Package: keyval 2014/10/28 v1.15 key=value parser (DPC)
\KV@toks@=\toks19
) (/usr/share/texlive/texmf-dist/tex/latex/graphics/graphics.sty
Package: graphics 2019/11/30 v1.4a Standard LaTeX Graphics (DPC,SPQR)
 (/usr/share/texlive/texmf-dist/tex/latex/graphics/trig.sty
Package: trig 2016/01/03 v1.10 sin cos tan (DPC)
) (/usr/share/texlive/texmf-dist/tex/latex/graphics-cfg/graphics.cfg
File: graphics.cfg 2016/06/04 v1.11 sample graphics configuration
)
Package graphics Info: Driver file: pdftex.def on input line 105.
 (/usr/share/texlive/texmf-dist/tex/latex/graphics-def/pdftex.def
File: pdftex.def 2018/01/08 v1.0l Graphics/color driver for pdftex
))
\Gin@req@height=\dimen144
\Gin@req@width=\dimen145
) (/usr/share/texlive/texmf-dist/tex/latex/graphics/import.sty
Package: import 2020/04/01  v 6.2
) (/usr/share/texlive/texmf-dist/tex/latex/amsfonts/amsfonts.sty
Package: amsfonts 2013/01/14 v3.01 Basic AMSFonts support
\symAMSa=\mathgroup4
\symAMSb=\mathgroup5
LaTeX Font Info:    Redeclaring math symbol \hbar on input line 98.
LaTeX Font Info:    Overwriting math alphabet `\mathfrak' in version `bold'
(Font)                  U/euf/m/n --> U/euf/b/n on input line 106.
) (/usr/share/texlive/texmf-dist/tex/latex/booktabs/booktabs.sty
Package: booktabs 2020/01/12 v1.61803398 Publication quality tables
\heavyrulewidth=\dimen146
\lightrulewidth=\dimen147
\cmidrulewidth=\dimen148
\belowrulesep=\dimen149
\belowbottomsep=\dimen150
\aboverulesep=\dimen151
\abovetopsep=\dimen152
\cmidrulesep=\dimen153
\cmidrulekern=\dimen154
\defaultaddspace=\dimen155
\@cmidla=\count188
\@cmidlb=\count189
\@aboverulesep=\dimen156
\@belowrulesep=\dimen157
\@thisruleclass=\count190
\@lastruleclass=\count191
\@thisrulewidth=\dimen158
) (/usr/share/texlive/texmf-dist/tex/latex/enumitem/enumitem.sty
Package: enumitem 2019/06/20 v3.9 Customized lists
\labelindent=\skip52
\enit@outerparindent=\dimen159
\enit@toks=\toks20
\enit@inbox=\box47
\enit@count@id=\count192
\enitdp@description=\count193
) (/usr/share/texlive/texmf-dist/tex/latex/l3backend/l3backend-pdfmode.def
File: l3backend-pdfmode.def 2020-02-03 L3 backend support: PDF mode
\l__kernel_color_stack_int=\count194
\l__pdf_internal_box=\box48
) (./CISC223A2.aux)
\openout1 = `CISC223A2.aux'.

LaTeX Font Info:    Checking defaults for OML/cmm/m/it on input line 27.
LaTeX Font Info:    ... okay on input line 27.
LaTeX Font Info:    Checking defaults for OMS/cmsy/m/n on input line 27.
LaTeX Font Info:    ... okay on input line 27.
LaTeX Font Info:    Checking defaults for OT1/cmr/m/n on input line 27.
LaTeX Font Info:    ... okay on input line 27.
LaTeX Font Info:    Checking defaults for T1/cmr/m/n on input line 27.
LaTeX Font Info:    ... okay on input line 27.
LaTeX Font Info:    Checking defaults for TS1/cmr/m/n on input line 27.
LaTeX Font Info:    ... okay on input line 27.
LaTeX Font Info:    Checking defaults for OMX/cmex/m/n on input line 27.
LaTeX Font Info:    ... okay on input line 27.
LaTeX Font Info:    Checking defaults for U/cmr/m/n on input line 27.
LaTeX Font Info:    ... okay on input line 27.
 (/usr/share/texlive/texmf-dist/tex/context/base/mkii/supp-pdf.mkii
[Loading MPS to PDF converter (version 2006.09.02).]
\scratchcounter=\count195
\scratchdimen=\dimen160
\scratchbox=\box49
\nofMPsegments=\count196
\nofMParguments=\count197
\everyMPshowfont=\toks21
\MPscratchCnt=\count198
\MPscratchDim=\dimen161
\MPnumerator=\count199
\makeMPintoPDFobject=\count266
\everyMPtoPDFconversion=\toks22
) (/usr/share/texlive/texmf-dist/tex/latex/epstopdf-pkg/epstopdf-base.sty
Package: epstopdf-base 2020-01-24 v2.11 Base part for package epstopdf
Package epstopdf-base Info: Redefining graphics rule for `.eps' on input line 485.
 (/usr/share/texlive/texmf-dist/tex/latex/latexconfig/epstopdf-sys.cfg
File: epstopdf-sys.cfg 2010/07/13 v1.3 Configuration of (r)epstopdf for TeX Live
))
LaTeX Font Info:    Trying to load font information for U+msa on input line 29.
 (/usr/share/texlive/texmf-dist/tex/latex/amsfonts/umsa.fd
File: umsa.fd 2013/01/14 v3.01 AMS symbols A
)
LaTeX Font Info:    Trying to load font information for U+msb on input line 29.
 (/usr/share/texlive/texmf-dist/tex/latex/amsfonts/umsb.fd
File: umsb.fd 2013/01/14 v3.01 AMS symbols B
) [1



{/var/lib/texmf/fonts/map/pdftex/updmap/pdftex.map}] (./figures/Q1pt1.pdf_tex
<./figures/Q1pt1.pdf, id=8, page=1, 82.25546pt x 86.66629pt>
File: ./figures/Q1pt1.pdf Graphic file (type pdf)
<use ./figures/Q1pt1.pdf, page 1>
Package pdftex.def Info: ./figures/Q1pt1.pdf , page1 used on input line 56.
(pdftex.def)             Requested size: 82.25546pt x 86.67134pt.
<./figures/Q1pt1.pdf, id=9, page=2, 82.25546pt x 86.66629pt>
File: ./figures/Q1pt1.pdf Graphic file (type pdf)
<use ./figures/Q1pt1.pdf, page 2>
Package pdftex.def Info: ./figures/Q1pt1.pdf , page2 used on input line 58.
(pdftex.def)             Requested size: 82.25546pt x 86.67134pt.
<./figures/Q1pt1.pdf, id=10, page=3, 82.25546pt x 86.66629pt>
File: ./figures/Q1pt1.pdf Graphic file (type pdf)
<use ./figures/Q1pt1.pdf, page 3>
Package pdftex.def Info: ./figures/Q1pt1.pdf , page3 used on input line 60.
(pdftex.def)             Requested size: 82.25546pt x 86.67134pt.
) (./figures/Q1pt2.pdf_tex
<./figures/Q1pt2.pdf, id=11, page=1, 130.46442pt x 25.85912pt>
File: ./figures/Q1pt2.pdf Graphic file (type pdf)
<use ./figures/Q1pt2.pdf, page 1>
Package pdftex.def Info: ./figures/Q1pt2.pdf , page1 used on input line 56.
(pdftex.def)             Requested size: 130.46442pt x 25.86101pt.
<./figures/Q1pt2.pdf, id=12, page=2, 130.46442pt x 25.85912pt>
File: ./figures/Q1pt2.pdf Graphic file (type pdf)
<use ./figures/Q1pt2.pdf, page 2>
Package pdftex.def Info: ./figures/Q1pt2.pdf , page2 used on input line 59.
(pdftex.def)             Requested size: 130.46442pt x 25.86101pt.
)
Underfull \vbox (badness 10000) has occurred while \output is active []

 [2 <./figures/Q1pt1.pdf> <./figures/Q1pt1.pdf

pdfTeX warning: pdflatex (file ./figures/Q1pt1.pdf): PDF inclusion: multiple pdfs with page group included in a single page
> <./figures/Q1pt1.pdf

pdfTeX warning: pdflatex (file ./figures/Q1pt1.pdf): PDF inclusion: multiple pdfs with page group included in a single page
> <./figures/Q1pt2.pdf

pdfTeX warning: pdflatex (file ./figures/Q1pt2.pdf): PDF inclusion: multiple pdfs with page group included in a single page
> <./figures/Q1pt2.pdf

pdfTeX warning: pdflatex (file ./figures/Q1pt2.pdf): PDF inclusion: multiple pdfs with page group included in a single page
>] (./figures/Q1pt3.pdf_tex
<./figures/Q1pt3.pdf, id=21, page=1, 107.89017pt x 113.80789pt>
File: ./figures/Q1pt3.pdf Graphic file (type pdf)
<use ./figures/Q1pt3.pdf, page 1>
Package pdftex.def Info: ./figures/Q1pt3.pdf , page1 used on input line 56.
(pdftex.def)             Requested size: 107.89017pt x 113.81454pt.
<./figures/Q1pt3.pdf, id=22, page=2, 107.89017pt x 113.80789pt>
File: ./figures/Q1pt3.pdf Graphic file (type pdf)
<use ./figures/Q1pt3.pdf, page 2>
Package pdftex.def Info: ./figures/Q1pt3.pdf , page2 used on input line 58.
(pdftex.def)             Requested size: 107.89017pt x 113.81454pt.
<./figures/Q1pt3.pdf, id=23, page=3, 107.89017pt x 113.80789pt>
File: ./figures/Q1pt3.pdf Graphic file (type pdf)
<use ./figures/Q1pt3.pdf, page 3>
Package pdftex.def Info: ./figures/Q1pt3.pdf , page3 used on input line 61.
(pdftex.def)             Requested size: 107.89017pt x 113.81454pt.
) (./figures/Q1pt4.pdf_tex
<./figures/Q1pt4.pdf, id=24, page=1, 150.0406pt x 113.97597pt>
File: ./figures/Q1pt4.pdf Graphic file (type pdf)
<use ./figures/Q1pt4.pdf, page 1>
Package pdftex.def Info: ./figures/Q1pt4.pdf , page1 used on input line 56.
(pdftex.def)             Requested size: 150.0406pt x 113.98262pt.
<./figures/Q1pt4.pdf, id=25, page=2, 150.0406pt x 113.97597pt>
File: ./figures/Q1pt4.pdf Graphic file (type pdf)
<use ./figures/Q1pt4.pdf, page 2>
Package pdftex.def Info: ./figures/Q1pt4.pdf , page2 used on input line 58.
(pdftex.def)             Requested size: 150.0406pt x 113.98262pt.
<./figures/Q1pt4.pdf, id=26, page=3, 150.0406pt x 113.97597pt>
File: ./figures/Q1pt4.pdf Graphic file (type pdf)
<use ./figures/Q1pt4.pdf, page 3>
Package pdftex.def Info: ./figures/Q1pt4.pdf , page3 used on input line 61.
(pdftex.def)             Requested size: 150.0406pt x 113.98262pt.
)
Underfull \vbox (badness 10000) has occurred while \output is active []

 [3 <./figures/Q1pt3.pdf> <./figures/Q1pt3.pdf

pdfTeX warning: pdflatex (file ./figures/Q1pt3.pdf): PDF inclusion: multiple pdfs with page group included in a single page
> <./figures/Q1pt3.pdf

pdfTeX warning: pdflatex (file ./figures/Q1pt3.pdf): PDF inclusion: multiple pdfs with page group included in a single page
> <./figures/Q1pt4.pdf

pdfTeX warning: pdflatex (file ./figures/Q1pt4.pdf): PDF inclusion: multiple pdfs with page group included in a single page
> <./figures/Q1pt4.pdf

pdfTeX warning: pdflatex (file ./figures/Q1pt4.pdf): PDF inclusion: multiple pdfs with page group included in a single page
> <./figures/Q1pt4.pdf

pdfTeX warning: pdflatex (file ./figures/Q1pt4.pdf): PDF inclusion: multiple pdfs with page group included in a single page
>] (./figures/Q1pt5.pdf_tex
<./figures/Q1pt5.pdf, id=33, page=1, 150.0406pt x 113.97597pt>
File: ./figures/Q1pt5.pdf Graphic file (type pdf)
<use ./figures/Q1pt5.pdf, page 1>
Package pdftex.def Info: ./figures/Q1pt5.pdf , page1 used on input line 56.
(pdftex.def)             Requested size: 150.0406pt x 113.98262pt.
<./figures/Q1pt5.pdf, id=34, page=2, 150.0406pt x 113.97597pt>
File: ./figures/Q1pt5.pdf Graphic file (type pdf)
<use ./figures/Q1pt5.pdf, page 2>
Package pdftex.def Info: ./figures/Q1pt5.pdf , page2 used on input line 58.
(pdftex.def)             Requested size: 150.0406pt x 113.98262pt.
<./figures/Q1pt5.pdf, id=35, page=3, 150.0406pt x 113.97597pt>
File: ./figures/Q1pt5.pdf Graphic file (type pdf)
<use ./figures/Q1pt5.pdf, page 3>
Package pdftex.def Info: ./figures/Q1pt5.pdf , page3 used on input line 61.
(pdftex.def)             Requested size: 150.0406pt x 113.98262pt.
<./figures/Q1pt5.pdf, id=36, page=4, 150.0406pt x 113.97597pt>
File: ./figures/Q1pt5.pdf Graphic file (type pdf)
<use ./figures/Q1pt5.pdf, page 4>
Package pdftex.def Info: ./figures/Q1pt5.pdf , page4 used on input line 63.
(pdftex.def)             Requested size: 150.0406pt x 113.98262pt.
) (./figures/Q1pt6.pdf_tex
<./figures/Q1pt6.pdf, id=37, page=1, 132.93752pt x 147.43694pt>
File: ./figures/Q1pt6.pdf Graphic file (type pdf)
<use ./figures/Q1pt6.pdf, page 1>
Package pdftex.def Info: ./figures/Q1pt6.pdf , page1 used on input line 56.
(pdftex.def)             Requested size: 132.9375pt x 147.4523pt.
<./figures/Q1pt6.pdf, id=38, page=2, 132.93752pt x 147.43694pt>
File: ./figures/Q1pt6.pdf Graphic file (type pdf)
<use ./figures/Q1pt6.pdf, page 2>
Package pdftex.def Info: ./figures/Q1pt6.pdf , page2 used on input line 65.
(pdftex.def)             Requested size: 132.9375pt x 147.4523pt.
)
Underfull \vbox (badness 10000) has occurred while \output is active []

 [4 <./figures/Q1pt5.pdf> <./figures/Q1pt5.pdf

pdfTeX warning: pdflatex (file ./figures/Q1pt5.pdf): PDF inclusion: multiple pdfs with page group included in a single page
> <./figures/Q1pt5.pdf

pdfTeX warning: pdflatex (file ./figures/Q1pt5.pdf): PDF inclusion: multiple pdfs with page group included in a single page
> <./figures/Q1pt5.pdf

pdfTeX warning: pdflatex (file ./figures/Q1pt5.pdf): PDF inclusion: multiple pdfs with page group included in a single page
> <./figures/Q1pt6.pdf

pdfTeX warning: pdflatex (file ./figures/Q1pt6.pdf): PDF inclusion: multiple pdfs with page group included in a single page
> <./figures/Q1pt6.pdf

pdfTeX warning: pdflatex (file ./figures/Q1pt6.pdf): PDF inclusion: multiple pdfs with page group included in a single page
>] (./figures/Q1pt7.pdf_tex
<./figures/Q1pt7.pdf, id=45, page=1, 132.93752pt x 147.43694pt>
File: ./figures/Q1pt7.pdf Graphic file (type pdf)
<use ./figures/Q1pt7.pdf, page 1>
Package pdftex.def Info: ./figures/Q1pt7.pdf , page1 used on input line 56.
(pdftex.def)             Requested size: 132.9375pt x 147.4523pt.
<./figures/Q1pt7.pdf, id=46, page=2, 132.93752pt x 147.43694pt>
File: ./figures/Q1pt7.pdf Graphic file (type pdf)
<use ./figures/Q1pt7.pdf, page 2>
Package pdftex.def Info: ./figures/Q1pt7.pdf , page2 used on input line 66.
(pdftex.def)             Requested size: 132.9375pt x 147.4523pt.
) (./figures/Q2pt1.pdf_tex
<./figures/Q2pt1.pdf, id=47, page=1, 142.20879pt x 60.1852pt>
File: ./figures/Q2pt1.pdf Graphic file (type pdf)
<use ./figures/Q2pt1.pdf, page 1>
Package pdftex.def Info: ./figures/Q2pt1.pdf , page1 used on input line 56.
(pdftex.def)             Requested size: 142.20877pt x 60.18686pt.
) [5 <./figures/Q1pt7.pdf> <./figures/Q1pt7.pdf

pdfTeX warning: pdflatex (file ./figures/Q1pt7.pdf): PDF inclusion: multiple pdfs with page group included in a single page
> <./figures/Q2pt1.pdf

pdfTeX warning: pdflatex (file ./figures/Q2pt1.pdf): PDF inclusion: multiple pdfs with page group included in a single page
>] [6]
Underfull \vbox (badness 2326) has occurred while \output is active []

 [7] (./figures/Q4.pdf_tex
<./figures/Q4.pdf, id=66, page=1, 125.23242pt x 126.31868pt>
File: ./figures/Q4.pdf Graphic file (type pdf)
<use ./figures/Q4.pdf, page 1>
Package pdftex.def Info: ./figures/Q4.pdf , page1 used on input line 56.
(pdftex.def)             Requested size: 125.23242pt x 126.32413pt.
) [8 <./figures/Q4.pdf>]
Overfull \hbox (19.11513pt too wide) detected at line 257
\OML/cmm/m/it/12 C  \OT1/cmr/m/n/12 =[]\OMS/cmsy/m/n/12 )  \OML/cmm/m/it/12 OW  \OT1/cmr/m/n/12 =[]\OMS/cmsy/m/n/12 )  \OML/cmm/m/it/12 a[]b[]W  \OT1/cmr/m/n/12 =[]\OMS/cmsy/m/n/12 )  \OML/cmm/m/it/12 a[]b[]c[]Wd[]  \OT1/cmr/m/n/12 =[]\OMS/cmsy/m/n/12 )  \OML/cmm/m/it/12 a[]b[]c[]Wd[]  \OT1/cmr/m/n/12 =[]\OMS/cmsy/m/n/12 )  \OML/cmm/m/it/12 a[]b[]c[]d[]:
 []

[9] (./CISC223A2.aux) ) 
Here is how much of TeX's memory you used:
 2442 strings out of 483183
 35580 string characters out of 5966292
 271285 words of memory out of 5000000
 17421 multiletter control sequences out of 15000+600000
 542437 words of font info for 62 fonts, out of 8000000 for 9000
 14 hyphenation exceptions out of 8191
 30i,17n,30p,226b,461s stack positions out of 5000i,500n,10000p,200000b,80000s
 </home/cain/.texlive2019/texmf-var/fonts/pk/ljfour/jknappen/ec/tcrm1200.600pk></usr/share/texlive/texmf-dist/fonts/type1/public/amsfonts/cm/cmbx12.pfb></usr/share/texlive/texmf-dist/fonts/type1/public/amsfonts/cm/cmmi12.pfb></usr/share/texlive/texmf-dist/fonts/type1/public/amsfonts/cm/cmmi8.pfb></usr/share/texlive/texmf-dist/fonts/type1/public/amsfonts/cm/cmr10.pfb></usr/share/texlive/texmf-dist/fonts/type1/public/amsfonts/cm/cmr12.pfb></usr/share/texlive/texmf-dist/fonts/type1/public/amsfonts/cm/cmr17.pfb></usr/share/texlive/texmf-dist/fonts/type1/public/amsfonts/cm/cmr8.pfb></usr/share/texlive/texmf-dist/fonts/type1/public/amsfonts/cm/cmsy10.pfb></usr/share/texlive/texmf-dist/fonts/type1/public/amsfonts/cm/cmti12.pfb>
Output written on CISC223A2.pdf (9 pages, 138261 bytes).
PDF statistics:
 110 PDF objects out of 1000 (max. 8388607)
 67 compressed objects within 1 object stream
 0 named destinations out of 1000 (max. 500000)
 106 words of extra memory for PDF output out of 10000 (max. 10000000)

