This is pdfTeX, Version 3.141592653-2.6-1.40.22 (TeX Live 2021/Homebrew) (preloaded format=pdflatex 2021.9.30)  15 MAR 2022 17:06
entering extended mode
 restricted \write18 enabled.
 file:line:error style messages enabled.
 %&-line parsing enabled.
**23_Pipeline.tex
(./23_Pipeline.tex
LaTeX2e <2020-10-01> patch level 4
L3 programming layer <2021-02-18> (/usr/local/Cellar/texlive/58837/share/texmf-dist/tex/latex/base/book.cls
Document Class: book 2020/04/10 v1.4m Standard LaTeX document class
(/usr/local/Cellar/texlive/58837/share/texmf-dist/tex/latex/base/bk12.clo
File: bk12.clo 2020/04/10 v1.4m Standard LaTeX file (size option)
)
\c@part=\count179
\c@chapter=\count180
\c@section=\count181
\c@subsection=\count182
\c@subsubsection=\count183
\c@paragraph=\count184
\c@subparagraph=\count185
\c@figure=\count186
\c@table=\count187
\abovecaptionskip=\skip47
\belowcaptionskip=\skip48
\bibindent=\dimen138
) (/usr/local/Cellar/texlive/58837/share/texmf-dist/tex/latex/amsmath/amsmath.sty
Package: amsmath 2020/09/23 v2.17i AMS math features
\@mathmargin=\skip49

For additional information on amsmath, use the `?' option.
(/usr/local/Cellar/texlive/58837/share/texmf-dist/tex/latex/amsmath/amstext.sty
Package: amstext 2000/06/29 v2.01 AMS text
 (/usr/local/Cellar/texlive/58837/share/texmf-dist/tex/latex/amsmath/amsgen.sty
File: amsgen.sty 1999/11/30 v2.0 generic functions
\@emptytoks=\toks15
\ex@=\dimen139
)) (/usr/local/Cellar/texlive/58837/share/texmf-dist/tex/latex/amsmath/amsbsy.sty
Package: amsbsy 1999/11/29 v1.2d Bold Symbols
\pmbraise@=\dimen140
) (/usr/local/Cellar/texlive/58837/share/texmf-dist/tex/latex/amsmath/amsopn.sty
Package: amsopn 2016/03/08 v2.02 operator names
)
\inf@bad=\count188
LaTeX Info: Redefining \frac on input line 234.
\uproot@=\count189
\leftroot@=\count190
LaTeX Info: Redefining \overline on input line 399.
\classnum@=\count191
\DOTSCASE@=\count192
LaTeX Info: Redefining \ldots on input line 496.
LaTeX Info: Redefining \dots on input line 499.
LaTeX Info: Redefining \cdots on input line 620.
\Mathstrutbox@=\box47
\strutbox@=\box48
\big@size=\dimen141
LaTeX Font Info:    Redeclaring font encoding OML on input line 743.
LaTeX Font Info:    Redeclaring font encoding OMS on input line 744.
\macc@depth=\count193
\c@MaxMatrixCols=\count194
\dotsspace@=\muskip16
\c@parentequation=\count195
\dspbrk@lvl=\count196
\tag@help=\toks16
\row@=\count197
\column@=\count198
\maxfields@=\count199
\andhelp@=\toks17
\eqnshift@=\dimen142
\alignsep@=\dimen143
\tagshift@=\dimen144
\tagwidth@=\dimen145
\totwidth@=\dimen146
\lineht@=\dimen147
\@envbody=\toks18
\multlinegap=\skip50
\multlinetaggap=\skip51
\mathdisplay@stack=\toks19
LaTeX Info: Redefining \[ on input line 2923.
LaTeX Info: Redefining \] on input line 2924.
) (/usr/local/Cellar/texlive/58837/share/texmf-dist/tex/latex/graphics/graphicx.sty
Package: graphicx 2020/09/09 v1.2b Enhanced LaTeX Graphics (DPC,SPQR)
 (/usr/local/Cellar/texlive/58837/share/texmf-dist/tex/latex/graphics/keyval.sty
Package: keyval 2014/10/28 v1.15 key=value parser (DPC)
\KV@toks@=\toks20
) (/usr/local/Cellar/texlive/58837/share/texmf-dist/tex/latex/graphics/graphics.sty
Package: graphics 2020/08/30 v1.4c Standard LaTeX Graphics (DPC,SPQR)
 (/usr/local/Cellar/texlive/58837/share/texmf-dist/tex/latex/graphics/trig.sty
Package: trig 2016/01/03 v1.10 sin cos tan (DPC)
) (/usr/local/Cellar/texlive/58837/share/texmf-dist/tex/latex/graphics-cfg/graphics.cfg
File: graphics.cfg 2016/06/04 v1.11 sample graphics configuration
)
Package graphics Info: Driver file: pdftex.def on input line 105.
 (/usr/local/Cellar/texlive/58837/share/texmf-dist/tex/latex/graphics-def/pdftex.def
File: pdftex.def 2020/10/05 v1.2a Graphics/color driver for pdftex
))
\Gin@req@height=\dimen148
\Gin@req@width=\dimen149
) (/usr/local/Cellar/texlive/58837/share/texmf-dist/tex/latex/import/import.sty
Package: import 2020/04/01  v 6.2
) (/usr/local/Cellar/texlive/58837/share/texmf-dist/tex/latex/amsfonts/amsfonts.sty
Package: amsfonts 2013/01/14 v3.01 Basic AMSFonts support
\symAMSa=\mathgroup4
\symAMSb=\mathgroup5
LaTeX Font Info:    Redeclaring math symbol \hbar on input line 98.
LaTeX Font Info:    Overwriting math alphabet `\mathfrak' in version `bold'
(Font)                  U/euf/m/n --> U/euf/b/n on input line 106.
) (/usr/local/Cellar/texlive/58837/share/texmf-dist/tex/latex/booktabs/booktabs.sty
Package: booktabs 2020/01/12 v1.61803398 Publication quality tables
\heavyrulewidth=\dimen150
\lightrulewidth=\dimen151
\cmidrulewidth=\dimen152
\belowrulesep=\dimen153
\belowbottomsep=\dimen154
\aboverulesep=\dimen155
\abovetopsep=\dimen156
\cmidrulesep=\dimen157
\cmidrulekern=\dimen158
\defaultaddspace=\dimen159
\@cmidla=\count266
\@cmidlb=\count267
\@aboverulesep=\dimen160
\@belowrulesep=\dimen161
\@thisruleclass=\count268
\@lastruleclass=\count269
\@thisrulewidth=\dimen162
) (/usr/local/Cellar/texlive/58837/share/texmf-dist/tex/latex/l3backend/l3backend-pdftex.def
File: l3backend-pdftex.def 2021-03-18 L3 backend support: PDF output (pdfTeX)
\l__color_backend_stack_int=\count270
\l__pdf_internal_box=\box49
) (./23_Pipeline.aux)
\openout1 = `23_Pipeline.aux'.

LaTeX Font Info:    Checking defaults for OML/cmm/m/it on input line 33.
LaTeX Font Info:    ... okay on input line 33.
LaTeX Font Info:    Checking defaults for OMS/cmsy/m/n on input line 33.
LaTeX Font Info:    ... okay on input line 33.
LaTeX Font Info:    Checking defaults for OT1/cmr/m/n on input line 33.
LaTeX Font Info:    ... okay on input line 33.
LaTeX Font Info:    Checking defaults for T1/cmr/m/n on input line 33.
LaTeX Font Info:    ... okay on input line 33.
LaTeX Font Info:    Checking defaults for TS1/cmr/m/n on input line 33.
LaTeX Font Info:    ... okay on input line 33.
LaTeX Font Info:    Checking defaults for OMX/cmex/m/n on input line 33.
LaTeX Font Info:    ... okay on input line 33.
LaTeX Font Info:    Checking defaults for U/cmr/m/n on input line 33.
LaTeX Font Info:    ... okay on input line 33.
 (/usr/local/Cellar/texlive/58837/share/texmf-dist/tex/context/base/mkii/supp-pdf.mkii
[Loading MPS to PDF converter (version 2006.09.02).]
\scratchcounter=\count271
\scratchdimen=\dimen163
\scratchbox=\box50
\nofMPsegments=\count272
\nofMParguments=\count273
\everyMPshowfont=\toks21
\MPscratchCnt=\count274
\MPscratchDim=\dimen164
\MPnumerator=\count275
\makeMPintoPDFobject=\count276
\everyMPtoPDFconversion=\toks22
) (/usr/local/Cellar/texlive/58837/share/texmf-dist/tex/latex/epstopdf-pkg/epstopdf-base.sty
Package: epstopdf-base 2020-01-24 v2.11 Base part for package epstopdf
Package epstopdf-base Info: Redefining graphics rule for `.eps' on input line 485.
 (/usr/local/Cellar/texlive/58837/share/texmf-dist/tex/latex/latexconfig/epstopdf-sys.cfg
File: epstopdf-sys.cfg 2010/07/13 v1.3 Configuration of (r)epstopdf for TeX Live
))
LaTeX Font Info:    Trying to load font information for U+msa on input line 35.
 (/usr/local/Cellar/texlive/58837/share/texmf-dist/tex/latex/amsfonts/umsa.fd
File: umsa.fd 2013/01/14 v3.01 AMS symbols A
)
LaTeX Font Info:    Trying to load font information for U+msb on input line 35.
 (/usr/local/Cellar/texlive/58837/share/texmf-dist/tex/latex/amsfonts/umsb.fd
File: umsb.fd 2013/01/14 v3.01 AMS symbols B
) [1



{/usr/local/Cellar/texlive/58837/share/texmf-dist/fonts/map/pdftex/updmap/pdftex.map}]
<./figures/memArr.png, id=8, 378.41376pt x 190.7125pt>
File: ./figures/memArr.png Graphic file (type png)
<use ./figures/memArr.png>
Package pdftex.def Info: ./figures/memArr.png  used on input line 46.
(pdftex.def)             Requested size: 189.2064pt x 95.356pt.
<./figures/regFile.png, id=10, 196.735pt x 160.6pt>
File: ./figures/regFile.png Graphic file (type png)
<use ./figures/regFile.png>
Package pdftex.def Info: ./figures/regFile.png  used on input line 60.
(pdftex.def)             Requested size: 98.36725pt x 80.29979pt.
 [2 <./figures/memArr.png> <./figures/regFile.png>]
<./figures/process.png, id=18, 186.6975pt x 336.25626pt>
File: ./figures/process.png Graphic file (type png)
<use ./figures/process.png>
Package pdftex.def Info: ./figures/process.png  used on input line 79.
(pdftex.def)             Requested size: 130.68735pt x 235.37776pt.
<./figures/fetch.png, id=19, 214.8025pt x 176.66pt>
File: ./figures/fetch.png Graphic file (type png)
<use ./figures/fetch.png>
Package pdftex.def Info: ./figures/fetch.png  used on input line 85.
(pdftex.def)             Requested size: 107.40099pt x 88.32977pt.
 [3 <./figures/process.png>]
<./figures/decode.png, id=25, 183.68625pt x 113.42375pt>
File: ./figures/decode.png Graphic file (type png)
<use ./figures/decode.png>
Package pdftex.def Info: ./figures/decode.png  used on input line 90.
(pdftex.def)             Requested size: 91.84288pt x 56.71173pt.
<./figures/execute.png, id=26, 191.71625pt x 143.53625pt>
File: ./figures/execute.png Graphic file (type png)
<use ./figures/execute.png>
Package pdftex.def Info: ./figures/execute.png  used on input line 96.
(pdftex.def)             Requested size: 95.85788pt x 71.76794pt.
<./figures/memory.png, id=27, 152.57pt x 143.53625pt>
File: ./figures/memory.png Graphic file (type png)
<use ./figures/memory.png>
Package pdftex.def Info: ./figures/memory.png  used on input line 101.
(pdftex.def)             Requested size: 76.2848pt x 71.76794pt.
 [4 <./figures/fetch.png> <./figures/decode.png> <./figures/execute.png>]
<./figures/writeback.png, id=35, 189.70876pt x 244.915pt>
File: ./figures/writeback.png Graphic file (type png)
<use ./figures/writeback.png>
Package pdftex.def Info: ./figures/writeback.png  used on input line 106.
(pdftex.def)             Requested size: 94.85414pt x 122.45718pt.

Underfull \vbox (badness 10000) has occurred while \output is active []

 [5 <./figures/memory.png> <./figures/writeback.png>]
<./figures/PCupdate.png, id=41, 189.70876pt x 336.25626pt>
File: ./figures/PCupdate.png Graphic file (type png)
<use ./figures/PCupdate.png>
Package pdftex.def Info: ./figures/PCupdate.png  used on input line 113.
(pdftex.def)             Requested size: 94.85414pt x 168.12772pt.

Underfull \vbox (badness 1448) has occurred while \output is active []

 [6 <./figures/PCupdate.png>]
<./figures/3pipe.png, id=46, 422.57875pt x 208.78pt>
File: ./figures/3pipe.png Graphic file (type png)
<use ./figures/3pipe.png>
Package pdftex.def Info: ./figures/3pipe.png  used on input line 129.
(pdftex.def)             Requested size: 211.28885pt x 104.38972pt.
<./figures/close1.png, id=47, 352.31625pt x 247.92625pt>
File: ./figures/close1.png Graphic file (type png)
<use ./figures/close1.png>
Package pdftex.def Info: ./figures/close1.png  used on input line 137.
(pdftex.def)             Requested size: 176.15768pt x 123.96281pt.
<./figures/close2.png, id=48, 352.31625pt x 247.92625pt>
File: ./figures/close2.png Graphic file (type png)
<use ./figures/close2.png>
Package pdftex.def Info: ./figures/close2.png  used on input line 138.
(pdftex.def)             Requested size: 176.15768pt x 123.96281pt.
<./figures/close3.png, id=49, 352.31625pt x 247.92625pt>
File: ./figures/close3.png Graphic file (type png)
<use ./figures/close3.png>
Package pdftex.def Info: ./figures/close3.png  used on input line 142.
(pdftex.def)             Requested size: 176.15768pt x 123.96281pt.
<./figures/close4.png, id=50, 352.31625pt x 247.92625pt>
File: ./figures/close4.png Graphic file (type png)
<use ./figures/close4.png>
Package pdftex.def Info: ./figures/close4.png  used on input line 143.
(pdftex.def)             Requested size: 176.15768pt x 123.96281pt.
 [7 <./figures/3pipe.png> <./figures/close1.png> <./figures/close2.png> <./figures/close3.png> <./figures/close4.png>]
<./figures/nopipe.png, id=60, 326.21875pt x 208.78pt>
File: ./figures/nopipe.png Graphic file (type png)
<use ./figures/nopipe.png>
Package pdftex.def Info: ./figures/nopipe.png  used on input line 153.
(pdftex.def)             Requested size: 163.10896pt x 104.38972pt.
 [8 <./figures/nopipe.png>]
<./figures/limits.png, id=65, 356.33125pt x 183.68625pt>
File: ./figures/limits.png Graphic file (type png)
<use ./figures/limits.png>
Package pdftex.def Info: ./figures/limits.png  used on input line 180.
(pdftex.def)             Requested size: 178.16518pt x 91.84288pt.
 [9 <./figures/limits.png>] (./23_Pipeline.aux) ) 
Here is how much of TeX's memory you used:
 2164 strings out of 478994
 31836 string characters out of 5851139
 319197 words of memory out of 5000000
 19628 multiletter control sequences out of 15000+600000
 413229 words of font info for 64 fonts, out of 8000000 for 9000
 1141 hyphenation exceptions out of 8191
 68i,7n,74p,228b,225s stack positions out of 5000i,500n,10000p,200000b,80000s
{/usr/local/Cellar/texlive/58837/share/texmf-dist/fonts/enc/dvips/cm-super/cm-super-ts1.enc}</usr/local/Cellar/texlive/58837/share/texmf-dist/fonts/type1/public/amsfonts/cm/cmbx12.pfb></usr/local/Cellar/texlive/58837/share/texmf-dist/fonts/type1/public/amsfonts/cm/cmmi12.pfb></usr/local/Cellar/texlive/58837/share/texmf-dist/fonts/type1/public/amsfonts/cm/cmr12.pfb></usr/local/Cellar/texlive/58837/share/texmf-dist/fonts/type1/public/amsfonts/cm/cmr17.pfb></usr/local/Cellar/texlive/58837/share/texmf-dist/fonts/type1/public/amsfonts/cm/cmti12.pfb></usr/local/Cellar/texlive/58837/share/texmf-dist/fonts/type1/public/cm-super/sfrm1200.pfb>
Output written on 23_Pipeline.pdf (9 pages, 1106842 bytes).
PDF statistics:
 92 PDF objects out of 1000 (max. 8388607)
 42 compressed objects within 1 object stream
 0 named destinations out of 1000 (max. 500000)
 81 words of extra memory for PDF output out of 10000 (max. 10000000)

