This is pdfTeX, Version 3.141592653-2.6-1.40.22 (TeX Live 2021/Homebrew) (preloaded format=pdflatex 2022.3.3)  22 MAR 2022 13:41
entering extended mode
 restricted \write18 enabled.
 file:line:error style messages enabled.
 %&-line parsing enabled.
**24_TheMemHierarchy.tex
(./24_TheMemHierarchy.tex
LaTeX2e <2020-10-01> patch level 4
L3 programming layer <2021-02-18> (/usr/local/Cellar/texlive/58837_1/share/texmf-dist/tex/latex/base/book.cls
Document Class: book 2020/04/10 v1.4m Standard LaTeX document class
(/usr/local/Cellar/texlive/58837_1/share/texmf-dist/tex/latex/base/bk12.clo
File: bk12.clo 2020/04/10 v1.4m Standard LaTeX file (size option)
)
\c@part=\count179
\c@chapter=\count180
\c@section=\count181
\c@subsection=\count182
\c@subsubsection=\count183
\c@paragraph=\count184
\c@subparagraph=\count185
\c@figure=\count186
\c@table=\count187
\abovecaptionskip=\skip47
\belowcaptionskip=\skip48
\bibindent=\dimen138
) (/usr/local/Cellar/texlive/58837_1/share/texmf-dist/tex/latex/amsmath/amsmath.sty
Package: amsmath 2020/09/23 v2.17i AMS math features
\@mathmargin=\skip49

For additional information on amsmath, use the `?' option.
(/usr/local/Cellar/texlive/58837_1/share/texmf-dist/tex/latex/amsmath/amstext.sty
Package: amstext 2000/06/29 v2.01 AMS text
 (/usr/local/Cellar/texlive/58837_1/share/texmf-dist/tex/latex/amsmath/amsgen.sty
File: amsgen.sty 1999/11/30 v2.0 generic functions
\@emptytoks=\toks15
\ex@=\dimen139
)) (/usr/local/Cellar/texlive/58837_1/share/texmf-dist/tex/latex/amsmath/amsbsy.sty
Package: amsbsy 1999/11/29 v1.2d Bold Symbols
\pmbraise@=\dimen140
) (/usr/local/Cellar/texlive/58837_1/share/texmf-dist/tex/latex/amsmath/amsopn.sty
Package: amsopn 2016/03/08 v2.02 operator names
)
\inf@bad=\count188
LaTeX Info: Redefining \frac on input line 234.
\uproot@=\count189
\leftroot@=\count190
LaTeX Info: Redefining \overline on input line 399.
\classnum@=\count191
\DOTSCASE@=\count192
LaTeX Info: Redefining \ldots on input line 496.
LaTeX Info: Redefining \dots on input line 499.
LaTeX Info: Redefining \cdots on input line 620.
\Mathstrutbox@=\box47
\strutbox@=\box48
\big@size=\dimen141
LaTeX Font Info:    Redeclaring font encoding OML on input line 743.
LaTeX Font Info:    Redeclaring font encoding OMS on input line 744.
\macc@depth=\count193
\c@MaxMatrixCols=\count194
\dotsspace@=\muskip16
\c@parentequation=\count195
\dspbrk@lvl=\count196
\tag@help=\toks16
\row@=\count197
\column@=\count198
\maxfields@=\count199
\andhelp@=\toks17
\eqnshift@=\dimen142
\alignsep@=\dimen143
\tagshift@=\dimen144
\tagwidth@=\dimen145
\totwidth@=\dimen146
\lineht@=\dimen147
\@envbody=\toks18
\multlinegap=\skip50
\multlinetaggap=\skip51
\mathdisplay@stack=\toks19
LaTeX Info: Redefining \[ on input line 2923.
LaTeX Info: Redefining \] on input line 2924.
) (/usr/local/Cellar/texlive/58837_1/share/texmf-dist/tex/latex/graphics/graphicx.sty
Package: graphicx 2020/09/09 v1.2b Enhanced LaTeX Graphics (DPC,SPQR)
 (/usr/local/Cellar/texlive/58837_1/share/texmf-dist/tex/latex/graphics/keyval.sty
Package: keyval 2014/10/28 v1.15 key=value parser (DPC)
\KV@toks@=\toks20
) (/usr/local/Cellar/texlive/58837_1/share/texmf-dist/tex/latex/graphics/graphics.sty
Package: graphics 2020/08/30 v1.4c Standard LaTeX Graphics (DPC,SPQR)
 (/usr/local/Cellar/texlive/58837_1/share/texmf-dist/tex/latex/graphics/trig.sty
Package: trig 2016/01/03 v1.10 sin cos tan (DPC)
) (/usr/local/Cellar/texlive/58837_1/share/texmf-dist/tex/latex/graphics-cfg/graphics.cfg
File: graphics.cfg 2016/06/04 v1.11 sample graphics configuration
)
Package graphics Info: Driver file: pdftex.def on input line 105.
 (/usr/local/Cellar/texlive/58837_1/share/texmf-dist/tex/latex/graphics-def/pdftex.def
File: pdftex.def 2020/10/05 v1.2a Graphics/color driver for pdftex
))
\Gin@req@height=\dimen148
\Gin@req@width=\dimen149
) (/usr/local/Cellar/texlive/58837_1/share/texmf-dist/tex/latex/import/import.sty
Package: import 2020/04/01  v 6.2
) (/usr/local/Cellar/texlive/58837_1/share/texmf-dist/tex/latex/amsfonts/amsfonts.sty
Package: amsfonts 2013/01/14 v3.01 Basic AMSFonts support
\symAMSa=\mathgroup4
\symAMSb=\mathgroup5
LaTeX Font Info:    Redeclaring math symbol \hbar on input line 98.
LaTeX Font Info:    Overwriting math alphabet `\mathfrak' in version `bold'
(Font)                  U/euf/m/n --> U/euf/b/n on input line 106.
) (/usr/local/Cellar/texlive/58837_1/share/texmf-dist/tex/latex/booktabs/booktabs.sty
Package: booktabs 2020/01/12 v1.61803398 Publication quality tables
\heavyrulewidth=\dimen150
\lightrulewidth=\dimen151
\cmidrulewidth=\dimen152
\belowrulesep=\dimen153
\belowbottomsep=\dimen154
\aboverulesep=\dimen155
\abovetopsep=\dimen156
\cmidrulesep=\dimen157
\cmidrulekern=\dimen158
\defaultaddspace=\dimen159
\@cmidla=\count266
\@cmidlb=\count267
\@aboverulesep=\dimen160
\@belowrulesep=\dimen161
\@thisruleclass=\count268
\@lastruleclass=\count269
\@thisrulewidth=\dimen162
) (/usr/local/Cellar/texlive/58837_1/share/texmf-dist/tex/latex/l3backend/l3backend-pdftex.def
File: l3backend-pdftex.def 2021-03-18 L3 backend support: PDF output (pdfTeX)
\l__color_backend_stack_int=\count270
\l__pdf_internal_box=\box49
) (./24_TheMemHierarchy.aux)
\openout1 = `24_TheMemHierarchy.aux'.

LaTeX Font Info:    Checking defaults for OML/cmm/m/it on input line 33.
LaTeX Font Info:    ... okay on input line 33.
LaTeX Font Info:    Checking defaults for OMS/cmsy/m/n on input line 33.
LaTeX Font Info:    ... okay on input line 33.
LaTeX Font Info:    Checking defaults for OT1/cmr/m/n on input line 33.
LaTeX Font Info:    ... okay on input line 33.
LaTeX Font Info:    Checking defaults for T1/cmr/m/n on input line 33.
LaTeX Font Info:    ... okay on input line 33.
LaTeX Font Info:    Checking defaults for TS1/cmr/m/n on input line 33.
LaTeX Font Info:    ... okay on input line 33.
LaTeX Font Info:    Checking defaults for OMX/cmex/m/n on input line 33.
LaTeX Font Info:    ... okay on input line 33.
LaTeX Font Info:    Checking defaults for U/cmr/m/n on input line 33.
LaTeX Font Info:    ... okay on input line 33.
 (/usr/local/Cellar/texlive/58837_1/share/texmf-dist/tex/context/base/mkii/supp-pdf.mkii
[Loading MPS to PDF converter (version 2006.09.02).]
\scratchcounter=\count271
\scratchdimen=\dimen163
\scratchbox=\box50
\nofMPsegments=\count272
\nofMParguments=\count273
\everyMPshowfont=\toks21
\MPscratchCnt=\count274
\MPscratchDim=\dimen164
\MPnumerator=\count275
\makeMPintoPDFobject=\count276
\everyMPtoPDFconversion=\toks22
) (/usr/local/Cellar/texlive/58837_1/share/texmf-dist/tex/latex/epstopdf-pkg/epstopdf-base.sty
Package: epstopdf-base 2020-01-24 v2.11 Base part for package epstopdf
Package epstopdf-base Info: Redefining graphics rule for `.eps' on input line 485.
 (/usr/local/Cellar/texlive/58837_1/share/texmf-dist/tex/latex/latexconfig/epstopdf-sys.cfg
File: epstopdf-sys.cfg 2010/07/13 v1.3 Configuration of (r)epstopdf for TeX Live
))
LaTeX Font Info:    Trying to load font information for U+msa on input line 35.
 (/usr/local/Cellar/texlive/58837_1/share/texmf-dist/tex/latex/amsfonts/umsa.fd
File: umsa.fd 2013/01/14 v3.01 AMS symbols A
)
LaTeX Font Info:    Trying to load font information for U+msb on input line 35.
 (/usr/local/Cellar/texlive/58837_1/share/texmf-dist/tex/latex/amsfonts/umsb.fd
File: umsb.fd 2013/01/14 v3.01 AMS symbols B
) [1



{/usr/local/Cellar/texlive/58837_1/share/texmf-dist/fonts/map/pdftex/updmap/pdftex.map}]
<./figures/memTri.png, id=8, 398.48875pt x 297.11pt>
File: ./figures/memTri.png Graphic file (type png)
<use ./figures/memTri.png>
Package pdftex.def Info: ./figures/memTri.png  used on input line 42.
(pdftex.def)             Requested size: 278.94022pt x 207.97557pt.

Underfull \vbox (badness 10000) has occurred while \output is active []

 [2 <./figures/memTri.png>]
<./figures/RAM.png, id=15, 398.48875pt x 201.75375pt>
File: ./figures/RAM.png Graphic file (type png)
<use ./figures/RAM.png>
Package pdftex.def Info: ./figures/RAM.png  used on input line 60.
(pdftex.def)             Requested size: 278.94022pt x 141.22665pt.
<./figures/memMod.png, id=16, 404.51125pt x 289.08pt>
File: ./figures/memMod.png Graphic file (type png)
<use ./figures/memMod.png>
Package pdftex.def Info: ./figures/memMod.png  used on input line 70.
(pdftex.def)             Requested size: 202.25513pt x 144.53964pt.
<./figures/ramvram.png, id=17, 390.45876pt x 112.42pt>
File: ./figures/ramvram.png Graphic file (type png)
<use ./figures/ramvram.png>
Package pdftex.def Info: ./figures/ramvram.png  used on input line 76.
(pdftex.def)             Requested size: 195.2289pt x 56.20985pt.
 [3 <./figures/RAM.png> <./figures/memMod.png>]
<./figures/bus.png, id=25, 390.45876pt x 146.5475pt>
File: ./figures/bus.png Graphic file (type png)
<use ./figures/bus.png>
Package pdftex.def Info: ./figures/bus.png  used on input line 106.
(pdftex.def)             Requested size: 195.2289pt x 73.27356pt.
 [4 <./figures/ramvram.png>] [5 <./figures/bus.png>]
<./figures/disk.png, id=36, 352.31625pt x 220.825pt>
File: ./figures/disk.png Graphic file (type png)
<use ./figures/disk.png>
Package pdftex.def Info: ./figures/disk.png  used on input line 133.
(pdftex.def)             Requested size: 176.15768pt x 110.41222pt.
<./figures/diskMem.png, id=37, 352.31625pt x 179.67125pt>
File: ./figures/diskMem.png Graphic file (type png)
<use ./figures/diskMem.png>
Package pdftex.def Info: ./figures/diskMem.png  used on input line 136.
(pdftex.def)             Requested size: 176.15768pt x 89.83539pt.
<./figures/disks.png, id=38, 231.86626pt x 151.56625pt>
File: ./figures/disks.png Graphic file (type png)
<use ./figures/disks.png>
Package pdftex.def Info: ./figures/disks.png  used on input line 140.
(pdftex.def)             Requested size: 115.93283pt x 75.78293pt.
<./figures/diskPart.png, id=39, 150.06062pt x 151.56625pt>
File: ./figures/diskPart.png Graphic file (type png)
<use ./figures/diskPart.png>
Package pdftex.def Info: ./figures/diskPart.png  used on input line 154.
(pdftex.def)             Requested size: 105.04172pt x 106.09564pt.
 [6 <./figures/disk.png> <./figures/diskMem.png> <./figures/disks.png>]
<./figures/diskOps.png, id=46, 181.67876pt x 147.55125pt>
File: ./figures/diskOps.png Graphic file (type png)
<use ./figures/diskOps.png>
Package pdftex.def Info: ./figures/diskOps.png  used on input line 166.
(pdftex.def)             Requested size: 127.17424pt x 103.28516pt.
 [7 <./figures/diskPart.png> <./figures/diskOps.png>] (./24_TheMemHierarchy.aux) ) 
Here is how much of TeX's memory you used:
 2130 strings out of 478994
 31132 string characters out of 5850134
 320222 words of memory out of 5000000
 19597 multiletter control sequences out of 15000+600000
 413389 words of font info for 66 fonts, out of 8000000 for 9000
 1141 hyphenation exceptions out of 8191
 68i,7n,74p,235b,225s stack positions out of 5000i,500n,10000p,200000b,80000s
{/usr/local/Cellar/texlive/58837_1/share/texmf-dist/fonts/enc/dvips/cm-super/cm-super-ts1.enc}</usr/local/Cellar/texlive/58837_1/share/texmf-dist/fonts/type1/public/amsfonts/cm/cmbx12.pfb></usr/local/Cellar/texlive/58837_1/share/texmf-dist/fonts/type1/public/amsfonts/cm/cmmi12.pfb></usr/local/Cellar/texlive/58837_1/share/texmf-dist/fonts/type1/public/amsfonts/cm/cmmi8.pfb></usr/local/Cellar/texlive/58837_1/share/texmf-dist/fonts/type1/public/amsfonts/cm/cmr12.pfb></usr/local/Cellar/texlive/58837_1/share/texmf-dist/fonts/type1/public/amsfonts/cm/cmr17.pfb></usr/local/Cellar/texlive/58837_1/share/texmf-dist/fonts/type1/public/amsfonts/cm/cmr8.pfb></usr/local/Cellar/texlive/58837_1/share/texmf-dist/fonts/type1/public/amsfonts/cm/cmsy10.pfb></usr/local/Cellar/texlive/58837_1/share/texmf-dist/fonts/type1/public/amsfonts/cm/cmsy8.pfb></usr/local/Cellar/texlive/58837_1/share/texmf-dist/fonts/type1/public/amsfonts/cm/cmtt12.pfb></usr/local/Cellar/texlive/58837_1/share/texmf-dist/fonts/type1/public/cm-super/sfrm1200.pfb>
Output written on 24_TheMemHierarchy.pdf (7 pages, 1279053 bytes).
PDF statistics:
 90 PDF objects out of 1000 (max. 8388607)
 50 compressed objects within 1 object stream
 0 named destinations out of 1000 (max. 500000)
 51 words of extra memory for PDF output out of 10000 (max. 10000000)

