This is pdfTeX, Version 3.14159265-2.6-1.40.20 (TeX Live 2019/Debian) (preloaded format=pdflatex 2022.1.31)  16 FEB 2022 14:14
entering extended mode
 restricted \write18 enabled.
 file:line:error style messages enabled.
 %&-line parsing enabled.
**13_MachineRepresentation-Procedures2.tex
(./13_MachineRepresentation-Procedures2.tex
LaTeX2e <2020-02-02> patch level 2
L3 programming layer <2020-02-14> (/usr/share/texlive/texmf-dist/tex/latex/base/book.cls
Document Class: book 2019/12/20 v1.4l Standard LaTeX document class
(/usr/share/texlive/texmf-dist/tex/latex/base/bk12.clo
File: bk12.clo 2019/12/20 v1.4l Standard LaTeX file (size option)
)
\c@part=\count167
\c@chapter=\count168
\c@section=\count169
\c@subsection=\count170
\c@subsubsection=\count171
\c@paragraph=\count172
\c@subparagraph=\count173
\c@figure=\count174
\c@table=\count175
\abovecaptionskip=\skip47
\belowcaptionskip=\skip48
\bibindent=\dimen134
) (/usr/share/texlive/texmf-dist/tex/latex/amsmath/amsmath.sty
Package: amsmath 2020/01/20 v2.17e AMS math features
\@mathmargin=\skip49

For additional information on amsmath, use the `?' option.
(/usr/share/texlive/texmf-dist/tex/latex/amsmath/amstext.sty
Package: amstext 2000/06/29 v2.01 AMS text
 (/usr/share/texlive/texmf-dist/tex/latex/amsmath/amsgen.sty
File: amsgen.sty 1999/11/30 v2.0 generic functions
\@emptytoks=\toks14
\ex@=\dimen135
)) (/usr/share/texlive/texmf-dist/tex/latex/amsmath/amsbsy.sty
Package: amsbsy 1999/11/29 v1.2d Bold Symbols
\pmbraise@=\dimen136
) (/usr/share/texlive/texmf-dist/tex/latex/amsmath/amsopn.sty
Package: amsopn 2016/03/08 v2.02 operator names
)
\inf@bad=\count176
LaTeX Info: Redefining \frac on input line 227.
\uproot@=\count177
\leftroot@=\count178
LaTeX Info: Redefining \overline on input line 389.
\classnum@=\count179
\DOTSCASE@=\count180
LaTeX Info: Redefining \ldots on input line 486.
LaTeX Info: Redefining \dots on input line 489.
LaTeX Info: Redefining \cdots on input line 610.
\Mathstrutbox@=\box45
\strutbox@=\box46
\big@size=\dimen137
LaTeX Font Info:    Redeclaring font encoding OML on input line 733.
LaTeX Font Info:    Redeclaring font encoding OMS on input line 734.
\macc@depth=\count181
\c@MaxMatrixCols=\count182
\dotsspace@=\muskip16
\c@parentequation=\count183
\dspbrk@lvl=\count184
\tag@help=\toks15
\row@=\count185
\column@=\count186
\maxfields@=\count187
\andhelp@=\toks16
\eqnshift@=\dimen138
\alignsep@=\dimen139
\tagshift@=\dimen140
\tagwidth@=\dimen141
\totwidth@=\dimen142
\lineht@=\dimen143
\@envbody=\toks17
\multlinegap=\skip50
\multlinetaggap=\skip51
\mathdisplay@stack=\toks18
LaTeX Info: Redefining \[ on input line 2859.
LaTeX Info: Redefining \] on input line 2860.
) (/usr/share/texlive/texmf-dist/tex/latex/graphics/graphicx.sty
Package: graphicx 2019/11/30 v1.2a Enhanced LaTeX Graphics (DPC,SPQR)
 (/usr/share/texlive/texmf-dist/tex/latex/graphics/keyval.sty
Package: keyval 2014/10/28 v1.15 key=value parser (DPC)
\KV@toks@=\toks19
) (/usr/share/texlive/texmf-dist/tex/latex/graphics/graphics.sty
Package: graphics 2019/11/30 v1.4a Standard LaTeX Graphics (DPC,SPQR)
 (/usr/share/texlive/texmf-dist/tex/latex/graphics/trig.sty
Package: trig 2016/01/03 v1.10 sin cos tan (DPC)
) (/usr/share/texlive/texmf-dist/tex/latex/graphics-cfg/graphics.cfg
File: graphics.cfg 2016/06/04 v1.11 sample graphics configuration
)
Package graphics Info: Driver file: pdftex.def on input line 105.
 (/usr/share/texlive/texmf-dist/tex/latex/graphics-def/pdftex.def
File: pdftex.def 2018/01/08 v1.0l Graphics/color driver for pdftex
))
\Gin@req@height=\dimen144
\Gin@req@width=\dimen145
) (/usr/share/texlive/texmf-dist/tex/latex/graphics/import.sty
Package: import 2020/04/01  v 6.2
) (/usr/share/texlive/texmf-dist/tex/latex/amsfonts/amsfonts.sty
Package: amsfonts 2013/01/14 v3.01 Basic AMSFonts support
\symAMSa=\mathgroup4
\symAMSb=\mathgroup5
LaTeX Font Info:    Redeclaring math symbol \hbar on input line 98.
LaTeX Font Info:    Overwriting math alphabet `\mathfrak' in version `bold'
(Font)                  U/euf/m/n --> U/euf/b/n on input line 106.
) (/usr/share/texlive/texmf-dist/tex/latex/booktabs/booktabs.sty
Package: booktabs 2020/01/12 v1.61803398 Publication quality tables
\heavyrulewidth=\dimen146
\lightrulewidth=\dimen147
\cmidrulewidth=\dimen148
\belowrulesep=\dimen149
\belowbottomsep=\dimen150
\aboverulesep=\dimen151
\abovetopsep=\dimen152
\cmidrulesep=\dimen153
\cmidrulekern=\dimen154
\defaultaddspace=\dimen155
\@cmidla=\count188
\@cmidlb=\count189
\@aboverulesep=\dimen156
\@belowrulesep=\dimen157
\@thisruleclass=\count190
\@lastruleclass=\count191
\@thisrulewidth=\dimen158
) (/usr/share/texlive/texmf-dist/tex/latex/l3backend/l3backend-pdfmode.def
File: l3backend-pdfmode.def 2020-02-03 L3 backend support: PDF mode
\l__kernel_color_stack_int=\count192
\l__pdf_internal_box=\box47
) (./13_MachineRepresentation-Procedures2.aux)
\openout1 = `13_MachineRepresentation-Procedures2.aux'.

LaTeX Font Info:    Checking defaults for OML/cmm/m/it on input line 26.
LaTeX Font Info:    ... okay on input line 26.
LaTeX Font Info:    Checking defaults for OMS/cmsy/m/n on input line 26.
LaTeX Font Info:    ... okay on input line 26.
LaTeX Font Info:    Checking defaults for OT1/cmr/m/n on input line 26.
LaTeX Font Info:    ... okay on input line 26.
LaTeX Font Info:    Checking defaults for T1/cmr/m/n on input line 26.
LaTeX Font Info:    ... okay on input line 26.
LaTeX Font Info:    Checking defaults for TS1/cmr/m/n on input line 26.
LaTeX Font Info:    ... okay on input line 26.
LaTeX Font Info:    Checking defaults for OMX/cmex/m/n on input line 26.
LaTeX Font Info:    ... okay on input line 26.
LaTeX Font Info:    Checking defaults for U/cmr/m/n on input line 26.
LaTeX Font Info:    ... okay on input line 26.
 (/usr/share/texlive/texmf-dist/tex/context/base/mkii/supp-pdf.mkii
[Loading MPS to PDF converter (version 2006.09.02).]
\scratchcounter=\count193
\scratchdimen=\dimen159
\scratchbox=\box48
\nofMPsegments=\count194
\nofMParguments=\count195
\everyMPshowfont=\toks20
\MPscratchCnt=\count196
\MPscratchDim=\dimen160
\MPnumerator=\count197
\makeMPintoPDFobject=\count198
\everyMPtoPDFconversion=\toks21
) (/usr/share/texlive/texmf-dist/tex/latex/epstopdf-pkg/epstopdf-base.sty
Package: epstopdf-base 2020-01-24 v2.11 Base part for package epstopdf
Package epstopdf-base Info: Redefining graphics rule for `.eps' on input line 485.
 (/usr/share/texlive/texmf-dist/tex/latex/latexconfig/epstopdf-sys.cfg
File: epstopdf-sys.cfg 2010/07/13 v1.3 Configuration of (r)epstopdf for TeX Live
))
LaTeX Font Info:    Trying to load font information for U+msa on input line 28.
 (/usr/share/texlive/texmf-dist/tex/latex/amsfonts/umsa.fd
File: umsa.fd 2013/01/14 v3.01 AMS symbols A
)
LaTeX Font Info:    Trying to load font information for U+msb on input line 28.
 (/usr/share/texlive/texmf-dist/tex/latex/amsfonts/umsb.fd
File: umsb.fd 2013/01/14 v3.01 AMS symbols B
) [1



{/var/lib/texmf/fonts/map/pdftex/updmap/pdftex.map}]
<./figures/linuxstack.png, id=8, 476.53032pt x 569.87906pt>
File: ./figures/linuxstack.png Graphic file (type png)
<use ./figures/linuxstack.png>
Package pdftex.def Info: ./figures/linuxstack.png  used on input line 36.
(pdftex.def)             Requested size: 190.60875pt x 227.94757pt.
<./figures/incr1.png, id=10, 1020.81375pt x 650.43pt>
File: ./figures/incr1.png Graphic file (type png)
<use ./figures/incr1.png>
Package pdftex.def Info: ./figures/incr1.png  used on input line 43.
(pdftex.def)             Requested size: 102.08736pt x 65.0468pt.
<./figures/incr2.png, id=11, 1000.48781pt x 650.43pt>
File: ./figures/incr2.png Graphic file (type png)
<use ./figures/incr2.png>
Package pdftex.def Info: ./figures/incr2.png  used on input line 44.
(pdftex.def)             Requested size: 100.05464pt x 65.0468pt.
<./figures/incr3.png, id=12, 1026.83624pt x 655.69969pt>
File: ./figures/incr3.png Graphic file (type png)
<use ./figures/incr3.png>
Package pdftex.def Info: ./figures/incr3.png  used on input line 45.
(pdftex.def)             Requested size: 102.68964pt x 65.5738pt.
<./figures/incr4.png, id=13, 1011.78pt x 660.96938pt>
File: ./figures/incr4.png Graphic file (type png)
<use ./figures/incr4.png>
Package pdftex.def Info: ./figures/incr4.png  used on input line 46.
(pdftex.def)             Requested size: 101.18391pt x 66.1008pt.
<./figures/incr5.png, id=14, 1010.27437pt x 656.4525pt>
File: ./figures/incr5.png Graphic file (type png)
<use ./figures/incr5.png>
Package pdftex.def Info: ./figures/incr5.png  used on input line 47.
(pdftex.def)             Requested size: 101.03336pt x 65.6491pt.

Underfull \vbox (badness 7667) has occurred while \output is active []

 [2 <./figures/linuxstack.png> <./figures/incr1.png> <./figures/incr2.png> <./figures/incr3.png> <./figures/incr4.png> <./figures/incr5.png>]
<./figures/linuxreg1.png, id=26, 542.77782pt x 523.9575pt>
File: ./figures/linuxreg1.png Graphic file (type png)
<use ./figures/linuxreg1.png>
Package pdftex.def Info: ./figures/linuxreg1.png  used on input line 64.
(pdftex.def)             Requested size: 162.8346pt x 157.18846pt.
<./figures/linuxreg2.png, id=27, 535.2497pt x 409.53pt>
File: ./figures/linuxreg2.png Graphic file (type png)
<use ./figures/linuxreg2.png>
Package pdftex.def Info: ./figures/linuxreg2.png  used on input line 65.
(pdftex.def)             Requested size: 160.57614pt x 122.85994pt.
 [3 <./figures/linuxreg1.png> <./figures/linuxreg2.png>]
<./figures/saveEx1.png, id=35, 997.47656pt x 673.01437pt>
File: ./figures/saveEx1.png Graphic file (type png)
<use ./figures/saveEx1.png>
Package pdftex.def Info: ./figures/saveEx1.png  used on input line 84.
(pdftex.def)             Requested size: 299.24527pt x 201.90587pt.
<./figures/saveEx2.png, id=36, 1000.48781pt x 643.6547pt>
File: ./figures/saveEx2.png Graphic file (type png)
<use ./figures/saveEx2.png>
Package pdftex.def Info: ./figures/saveEx2.png  used on input line 85.
(pdftex.def)             Requested size: 300.14865pt x 193.0979pt.

Underfull \vbox (badness 10000) has occurred while \output is active []

 [4 <./figures/saveEx1.png> <./figures/saveEx2.png>]
<./figures/rec1.png, id=42, 977.15062pt x 446.41782pt>
File: ./figures/rec1.png Graphic file (type png)
<use ./figures/rec1.png>
Package pdftex.def Info: ./figures/rec1.png  used on input line 95.
(pdftex.def)             Requested size: 195.42665pt x 89.28197pt.
<./figures/rec2.png, id=43, 1003.49907pt x 573.64313pt>
File: ./figures/rec2.png Graphic file (type png)
<use ./figures/rec2.png>
Package pdftex.def Info: ./figures/rec2.png  used on input line 100.
(pdftex.def)             Requested size: 200.69626pt x 114.7266pt.
<./figures/rec3.png, id=44, 1002.74625pt x 668.4975pt>
File: ./figures/rec3.png Graphic file (type png)
<use ./figures/rec3.png>
Package pdftex.def Info: ./figures/rec3.png  used on input line 106.
(pdftex.def)             Requested size: 200.5457pt x 133.69713pt.
<./figures/rec4.png, id=45, 1001.24063pt x 574.39594pt>
File: ./figures/rec4.png Graphic file (type png)
<use ./figures/rec4.png>
Package pdftex.def Info: ./figures/rec4.png  used on input line 112.
(pdftex.def)             Requested size: 200.24458pt x 114.87714pt.
<./figures/recOops.png, id=46, 1008.01593pt x 594.72188pt>
File: ./figures/recOops.png Graphic file (type png)
<use ./figures/recOops.png>
Package pdftex.def Info: ./figures/recOops.png  used on input line 118.
(pdftex.def)             Requested size: 201.59961pt x 118.94226pt.
<./figures/rec5.png, id=47, 986.9372pt x 561.59813pt>
File: ./figures/rec5.png Graphic file (type png)
<use ./figures/rec5.png>
Package pdftex.def Info: ./figures/rec5.png  used on input line 124.
(pdftex.def)             Requested size: 197.38394pt x 112.31763pt.
<./figures/rec6.png, id=48, 999.735pt x 581.17125pt>
File: ./figures/rec6.png Graphic file (type png)
<use ./figures/rec6.png>
Package pdftex.def Info: ./figures/rec6.png  used on input line 130.
(pdftex.def)             Requested size: 199.94345pt x 116.23218pt.

Underfull \vbox (badness 10000) has occurred while \output is active []

 [5 <./figures/rec1.png> <./figures/rec2.png>] [6 <./figures/rec3.png> <./figures/rec4.png> <./figures/recOops.png>] [7 <./figures/rec5.png> <./figures/rec6.png>] [8] (./13_MachineRepresentation-Procedures2.aux) ) 
Here is how much of TeX's memory you used:
 2135 strings out of 483183
 29991 string characters out of 5966292
 258778 words of memory out of 5000000
 17129 multiletter control sequences out of 15000+600000
 541959 words of font info for 61 fonts, out of 8000000 for 9000
 14 hyphenation exceptions out of 8191
 30i,10n,27p,253b,224s stack positions out of 5000i,500n,10000p,200000b,80000s
 </home/cain/.texlive2019/texmf-var/fonts/pk/ljfour/jknappen/ec/tcrm1200.600pk></usr/share/texlive/texmf-dist/fonts/type1/public/amsfonts/cm/cmbx12.pfb></usr/share/texlive/texmf-dist/fonts/type1/public/amsfonts/cm/cmmi12.pfb></usr/share/texlive/texmf-dist/fonts/type1/public/amsfonts/cm/cmr12.pfb></usr/share/texlive/texmf-dist/fonts/type1/public/amsfonts/cm/cmr17.pfb></usr/share/texlive/texmf-dist/fonts/type1/public/amsfonts/cm/cmtt12.pfb>
Output written on 13_MachineRepresentation-Procedures2.pdf (8 pages, 4440588 bytes).
PDF statistics:
 92 PDF objects out of 1000 (max. 8388607)
 40 compressed objects within 1 object stream
 0 named destinations out of 1000 (max. 500000)
 86 words of extra memory for PDF output out of 10000 (max. 10000000)

