This is pdfTeX, Version 3.14159265-2.6-1.40.20 (TeX Live 2019/Debian) (preloaded format=pdflatex 2022.1.31)  18 FEB 2022 18:51
entering extended mode
 restricted \write18 enabled.
 file:line:error style messages enabled.
 %&-line parsing enabled.
**6_TheStateUrbanPlanningAndPolitics.tex
(./6_TheStateUrbanPlanningAndPolitics.tex
LaTeX2e <2020-02-02> patch level 2
L3 programming layer <2020-02-14> (/usr/share/texlive/texmf-dist/tex/latex/base/book.cls
Document Class: book 2019/12/20 v1.4l Standard LaTeX document class
(/usr/share/texlive/texmf-dist/tex/latex/base/bk12.clo
File: bk12.clo 2019/12/20 v1.4l Standard LaTeX file (size option)
)
\c@part=\count167
\c@chapter=\count168
\c@section=\count169
\c@subsection=\count170
\c@subsubsection=\count171
\c@paragraph=\count172
\c@subparagraph=\count173
\c@figure=\count174
\c@table=\count175
\abovecaptionskip=\skip47
\belowcaptionskip=\skip48
\bibindent=\dimen134
) (/usr/share/texlive/texmf-dist/tex/latex/amsmath/amsmath.sty
Package: amsmath 2020/01/20 v2.17e AMS math features
\@mathmargin=\skip49

For additional information on amsmath, use the `?' option.
(/usr/share/texlive/texmf-dist/tex/latex/amsmath/amstext.sty
Package: amstext 2000/06/29 v2.01 AMS text
 (/usr/share/texlive/texmf-dist/tex/latex/amsmath/amsgen.sty
File: amsgen.sty 1999/11/30 v2.0 generic functions
\@emptytoks=\toks14
\ex@=\dimen135
)) (/usr/share/texlive/texmf-dist/tex/latex/amsmath/amsbsy.sty
Package: amsbsy 1999/11/29 v1.2d Bold Symbols
\pmbraise@=\dimen136
) (/usr/share/texlive/texmf-dist/tex/latex/amsmath/amsopn.sty
Package: amsopn 2016/03/08 v2.02 operator names
)
\inf@bad=\count176
LaTeX Info: Redefining \frac on input line 227.
\uproot@=\count177
\leftroot@=\count178
LaTeX Info: Redefining \overline on input line 389.
\classnum@=\count179
\DOTSCASE@=\count180
LaTeX Info: Redefining \ldots on input line 486.
LaTeX Info: Redefining \dots on input line 489.
LaTeX Info: Redefining \cdots on input line 610.
\Mathstrutbox@=\box45
\strutbox@=\box46
\big@size=\dimen137
LaTeX Font Info:    Redeclaring font encoding OML on input line 733.
LaTeX Font Info:    Redeclaring font encoding OMS on input line 734.
\macc@depth=\count181
\c@MaxMatrixCols=\count182
\dotsspace@=\muskip16
\c@parentequation=\count183
\dspbrk@lvl=\count184
\tag@help=\toks15
\row@=\count185
\column@=\count186
\maxfields@=\count187
\andhelp@=\toks16
\eqnshift@=\dimen138
\alignsep@=\dimen139
\tagshift@=\dimen140
\tagwidth@=\dimen141
\totwidth@=\dimen142
\lineht@=\dimen143
\@envbody=\toks17
\multlinegap=\skip50
\multlinetaggap=\skip51
\mathdisplay@stack=\toks18
LaTeX Info: Redefining \[ on input line 2859.
LaTeX Info: Redefining \] on input line 2860.
) (/usr/share/texlive/texmf-dist/tex/latex/graphics/graphicx.sty
Package: graphicx 2019/11/30 v1.2a Enhanced LaTeX Graphics (DPC,SPQR)
 (/usr/share/texlive/texmf-dist/tex/latex/graphics/keyval.sty
Package: keyval 2014/10/28 v1.15 key=value parser (DPC)
\KV@toks@=\toks19
) (/usr/share/texlive/texmf-dist/tex/latex/graphics/graphics.sty
Package: graphics 2019/11/30 v1.4a Standard LaTeX Graphics (DPC,SPQR)
 (/usr/share/texlive/texmf-dist/tex/latex/graphics/trig.sty
Package: trig 2016/01/03 v1.10 sin cos tan (DPC)
) (/usr/share/texlive/texmf-dist/tex/latex/graphics-cfg/graphics.cfg
File: graphics.cfg 2016/06/04 v1.11 sample graphics configuration
)
Package graphics Info: Driver file: pdftex.def on input line 105.
 (/usr/share/texlive/texmf-dist/tex/latex/graphics-def/pdftex.def
File: pdftex.def 2018/01/08 v1.0l Graphics/color driver for pdftex
))
\Gin@req@height=\dimen144
\Gin@req@width=\dimen145
) (/usr/share/texlive/texmf-dist/tex/latex/graphics/import.sty
Package: import 2020/04/01  v 6.2
) (/usr/share/texlive/texmf-dist/tex/latex/amsfonts/amsfonts.sty
Package: amsfonts 2013/01/14 v3.01 Basic AMSFonts support
\symAMSa=\mathgroup4
\symAMSb=\mathgroup5
LaTeX Font Info:    Redeclaring math symbol \hbar on input line 98.
LaTeX Font Info:    Overwriting math alphabet `\mathfrak' in version `bold'
(Font)                  U/euf/m/n --> U/euf/b/n on input line 106.
) (/usr/share/texlive/texmf-dist/tex/latex/booktabs/booktabs.sty
Package: booktabs 2020/01/12 v1.61803398 Publication quality tables
\heavyrulewidth=\dimen146
\lightrulewidth=\dimen147
\cmidrulewidth=\dimen148
\belowrulesep=\dimen149
\belowbottomsep=\dimen150
\aboverulesep=\dimen151
\abovetopsep=\dimen152
\cmidrulesep=\dimen153
\cmidrulekern=\dimen154
\defaultaddspace=\dimen155
\@cmidla=\count188
\@cmidlb=\count189
\@aboverulesep=\dimen156
\@belowrulesep=\dimen157
\@thisruleclass=\count190
\@lastruleclass=\count191
\@thisrulewidth=\dimen158
) (/usr/share/texlive/texmf-dist/tex/latex/l3backend/l3backend-pdfmode.def
File: l3backend-pdfmode.def 2020-02-03 L3 backend support: PDF mode
\l__kernel_color_stack_int=\count192
\l__pdf_internal_box=\box47
) (./6_TheStateUrbanPlanningAndPolitics.aux)
\openout1 = `6_TheStateUrbanPlanningAndPolitics.aux'.

LaTeX Font Info:    Checking defaults for OML/cmm/m/it on input line 33.
LaTeX Font Info:    ... okay on input line 33.
LaTeX Font Info:    Checking defaults for OMS/cmsy/m/n on input line 33.
LaTeX Font Info:    ... okay on input line 33.
LaTeX Font Info:    Checking defaults for OT1/cmr/m/n on input line 33.
LaTeX Font Info:    ... okay on input line 33.
LaTeX Font Info:    Checking defaults for T1/cmr/m/n on input line 33.
LaTeX Font Info:    ... okay on input line 33.
LaTeX Font Info:    Checking defaults for TS1/cmr/m/n on input line 33.
LaTeX Font Info:    ... okay on input line 33.
LaTeX Font Info:    Checking defaults for OMX/cmex/m/n on input line 33.
LaTeX Font Info:    ... okay on input line 33.
LaTeX Font Info:    Checking defaults for U/cmr/m/n on input line 33.
LaTeX Font Info:    ... okay on input line 33.
 (/usr/share/texlive/texmf-dist/tex/context/base/mkii/supp-pdf.mkii
[Loading MPS to PDF converter (version 2006.09.02).]
\scratchcounter=\count193
\scratchdimen=\dimen159
\scratchbox=\box48
\nofMPsegments=\count194
\nofMParguments=\count195
\everyMPshowfont=\toks20
\MPscratchCnt=\count196
\MPscratchDim=\dimen160
\MPnumerator=\count197
\makeMPintoPDFobject=\count198
\everyMPtoPDFconversion=\toks21
) (/usr/share/texlive/texmf-dist/tex/latex/epstopdf-pkg/epstopdf-base.sty
Package: epstopdf-base 2020-01-24 v2.11 Base part for package epstopdf
Package epstopdf-base Info: Redefining graphics rule for `.eps' on input line 485.
 (/usr/share/texlive/texmf-dist/tex/latex/latexconfig/epstopdf-sys.cfg
File: epstopdf-sys.cfg 2010/07/13 v1.3 Configuration of (r)epstopdf for TeX Live
))
LaTeX Font Info:    Trying to load font information for U+msa on input line 35.
 (/usr/share/texlive/texmf-dist/tex/latex/amsfonts/umsa.fd
File: umsa.fd 2013/01/14 v3.01 AMS symbols A
)
LaTeX Font Info:    Trying to load font information for U+msb on input line 35.
 (/usr/share/texlive/texmf-dist/tex/latex/amsfonts/umsb.fd
File: umsb.fd 2013/01/14 v3.01 AMS symbols B
) [1



{/var/lib/texmf/fonts/map/pdftex/updmap/pdftex.map}] [2]
<./figures/paris.png, id=12, 863.47594pt x 337.26pt>
File: ./figures/paris.png Graphic file (type png)
<use ./figures/paris.png>
Package pdftex.def Info: ./figures/paris.png  used on input line 87.
(pdftex.def)             Requested size: 345.38426pt x 134.9016pt.
<./figures/parismap.png, id=14, 469.755pt x 357.58594pt>
File: ./figures/parismap.png Graphic file (type png)
<use ./figures/parismap.png>
Package pdftex.def Info: ./figures/parismap.png  used on input line 88.
(pdftex.def)             Requested size: 281.85518pt x 214.5532pt.
<./figures/gardencity.png, id=15, 420.06938pt x 473.51906pt>
File: ./figures/gardencity.png Graphic file (type png)
<use ./figures/gardencity.png>
Package pdftex.def Info: ./figures/gardencity.png  used on input line 97.
(pdftex.def)             Requested size: 168.02477pt x 189.40425pt.
 [3 <./figures/paris.png> <./figures/parismap.png>]
<./figures/hampstead.png, id=21, 469.755pt x 359.84438pt>
File: ./figures/hampstead.png Graphic file (type png)
<use ./figures/hampstead.png>
Package pdftex.def Info: ./figures/hampstead.png  used on input line 102.
(pdftex.def)             Requested size: 187.89867pt x 143.9352pt.
 [4 <./figures/gardencity.png> <./figures/hampstead.png>]
<./figures/rationalplanning.png, id=27, 332.74312pt x 411.78844pt>
File: ./figures/rationalplanning.png Graphic file (type png)
<use ./figures/rationalplanning.png>
Package pdftex.def Info: ./figures/rationalplanning.png  used on input line 112.
(pdftex.def)             Requested size: 133.09488pt x 164.71245pt.
 [5 <./figures/rationalplanning.png>]
<./figures/ladder.png, id=32, 398.99063pt x 438.8897pt>
File: ./figures/ladder.png Graphic file (type png)
<use ./figures/ladder.png>
Package pdftex.def Info: ./figures/ladder.png  used on input line 138.
(pdftex.def)             Requested size: 159.59341pt x 175.55276pt.
 [6 <./figures/ladder.png>]
<./figures/zoning.png, id=37, 715.92468pt x 459.96844pt>
File: ./figures/zoning.png Graphic file (type png)
<use ./figures/zoning.png>
Package pdftex.def Info: ./figures/zoning.png  used on input line 159.
(pdftex.def)             Requested size: 357.96146pt x 229.98366pt.
 [7 <./figures/zoning.png>]
<./figures/toronto.png, id=43, 637.63219pt x 470.50781pt>
File: ./figures/toronto.png Graphic file (type png)
<use ./figures/toronto.png>
Package pdftex.def Info: ./figures/toronto.png  used on input line 191.
(pdftex.def)             Requested size: 318.8153pt x 235.25333pt.
<./figures/annex.png, id=44, 670.75594pt x 539.76656pt>
File: ./figures/annex.png Graphic file (type png)
<use ./figures/annex.png>
Package pdftex.def Info: ./figures/annex.png  used on input line 200.
(pdftex.def)             Requested size: 335.37714pt x 269.88261pt.
 [8 <./figures/toronto.png>]
<./figures/2tier.png, id=50, 794.2172pt x 437.38406pt>
File: ./figures/2tier.png Graphic file (type png)
<use ./figures/2tier.png>
Package pdftex.def Info: ./figures/2tier.png  used on input line 210.
(pdftex.def)             Requested size: 158.84062pt x 87.47525pt.
 [9 <./figures/annex.png> <./figures/2tier.png>] [10] (./6_TheStateUrbanPlanningAndPolitics.aux) ) 
Here is how much of TeX's memory you used:
 2051 strings out of 483183
 28656 string characters out of 5966292
 258808 words of memory out of 5000000
 17060 multiletter control sequences out of 15000+600000
 537136 words of font info for 42 fonts, out of 8000000 for 9000
 14 hyphenation exceptions out of 8191
 30i,7n,27p,251b,221s stack positions out of 5000i,500n,10000p,200000b,80000s
 </home/cain/.texlive2019/texmf-var/fonts/pk/ljfour/jknappen/ec/tcrm1200.600pk></usr/share/texlive/texmf-dist/fonts/type1/public/amsfonts/cm/cmbx12.pfb></usr/share/texlive/texmf-dist/fonts/type1/public/amsfonts/cm/cmr12.pfb></usr/share/texlive/texmf-dist/fonts/type1/public/amsfonts/cm/cmr17.pfb>
Output written on 6_TheStateUrbanPlanningAndPolitics.pdf (10 pages, 5710117 bytes).
PDF statistics:
 75 PDF objects out of 1000 (max. 8388607)
 38 compressed objects within 1 object stream
 0 named destinations out of 1000 (max. 500000)
 51 words of extra memory for PDF output out of 10000 (max. 10000000)

